{
"/Users/jasoncust/Development/git/channel-emitter/index.spec.js":{"path":"/Users/jasoncust/Development/git/channel-emitter/index.spec.js","s":{"1":1,"2":1,"3":1,"4":1,"5":1,"6":1,"7":1,"8":1,"9":1,"10":1,"11":1,"12":1,"13":1,"14":1,"15":1,"16":1,"17":1,"18":1,"19":1,"20":1,"21":1,"22":1,"23":1,"24":1,"25":1,"26":1,"27":1,"28":1,"29":1,"30":1,"31":1,"32":1,"33":1,"34":1,"35":1,"36":1,"37":1,"38":1,"39":1,"40":1,"41":1,"42":1,"43":37,"44":37,"45":37,"46":37,"47":1,"48":1,"49":1,"50":1,"51":1,"52":1,"53":1,"54":1,"55":1,"56":1,"57":1,"58":1,"59":1,"60":1,"61":1,"62":1,"63":1,"64":1,"65":1,"66":1,"67":1,"68":1,"69":1,"70":1,"71":1,"72":1,"73":1,"74":1,"75":1,"76":1,"77":1,"78":1,"79":1,"80":1,"81":1,"82":1,"83":1,"84":1,"85":1,"86":3,"87":3,"88":1,"89":3,"90":1,"91":1,"92":1,"93":1,"94":1,"95":1,"96":1,"97":1,"98":1,"99":1,"100":1,"101":1,"102":1,"103":1,"104":1,"105":1,"106":1,"107":1,"108":1,"109":1,"110":2,"111":2,"112":1,"113":2,"114":1,"115":1,"116":1,"117":1,"118":1,"119":1,"120":1,"121":1,"122":1,"123":1,"124":1,"125":1,"126":1,"127":1,"128":1,"129":1,"130":1,"131":1,"132":1,"133":1,"134":1,"135":1,"136":1,"137":1,"138":1,"139":1,"140":1,"141":1,"142":1,"143":1,"144":1,"145":1,"146":1,"147":1,"148":1,"149":1,"150":1,"151":1,"152":1,"153":1,"154":1,"155":1,"156":8,"157":8,"158":8,"159":8,"160":8,"161":8,"162":8,"163":8,"164":8,"165":1,"166":1,"167":1,"168":1,"169":1,"170":1,"171":1,"172":1,"173":1,"174":1,"175":1,"176":1,"177":1,"178":1,"179":1,"180":1,"181":1,"182":1,"183":1,"184":1,"185":1,"186":1,"187":1,"188":1,"189":1,"190":1,"191":1,"192":1,"193":1,"194":1,"195":1,"196":1,"197":1,"198":1,"199":1,"200":1,"201":1,"202":1,"203":1,"204":1,"205":1,"206":1,"207":1,"208":1,"209":1,"210":1,"211":1,"212":1,"213":1,"214":1,"215":1,"216":1,"217":1,"218":1,"219":1,"220":1,"221":1,"222":1,"223":1,"224":1,"225":1,"226":1,"227":1,"228":1,"229":1,"230":1,"231":1,"232":1,"233":1,"234":20,"235":20,"236":20,"237":20,"238":20,"239":1,"240":1,"241":1,"242":1,"243":1,"244":1,"245":1,"246":1,"247":1,"248":1,"249":1,"250":1,"251":1,"252":1,"253":1,"254":1,"255":1,"256":1,"257":1,"258":1,"259":1,"260":1,"261":1,"262":1,"263":1,"264":1,"265":1,"266":1,"267":1,"268":1,"269":1,"270":1,"271":1,"272":1,"273":1,"274":1,"275":1,"276":1,"277":1,"278":1,"279":1,"280":1,"281":1,"282":1,"283":1,"284":1,"285":1,"286":1,"287":1,"288":1,"289":1,"290":1,"291":1,"292":1,"293":1,"294":1,"295":1,"296":1,"297":1,"298":1,"299":1,"300":1,"301":1,"302":1,"303":1,"304":1,"305":1,"306":1,"307":1,"308":1,"309":1,"310":1,"311":1,"312":1,"313":1,"314":1,"315":1,"316":1,"317":1,"318":1,"319":1,"320":1,"321":1,"322":1,"323":1,"324":1,"325":1,"326":1,"327":1,"328":1,"329":1,"330":1,"331":1,"332":1,"333":1,"334":1,"335":1,"336":1,"337":1,"338":1,"339":1,"340":1,"341":1,"342":1,"343":1,"344":1,"345":1,"346":1,"347":1,"348":1,"349":1,"350":1,"351":1,"352":1,"353":1,"354":1},"b":{},"f":{"1":1,"2":1,"3":1,"4":1,"5":1,"6":1,"7":1,"8":1,"9":1,"10":1,"11":1,"12":37,"13":1,"14":1,"15":1,"16":1,"17":1,"18":1,"19":1,"20":1,"21":3,"22":3,"23":1,"24":1,"25":1,"26":1,"27":1,"28":2,"29":2,"30":1,"31":1,"32":1,"33":1,"34":8,"35":1,"36":1,"37":1,"38":1,"39":1,"40":1,"41":1,"42":1,"43":1,"44":1,"45":20,"46":1,"47":1,"48":1,"49":1,"50":1,"51":1,"52":1,"53":1,"54":1,"55":1,"56":1,"57":1,"58":1,"59":1,"60":1,"61":1,"62":1,"63":1,"64":1,"65":1,"66":1,"67":1,"68":1,"69":1},"fnMap":{"1":{"name":"(anonymous_1)","line":14,"loc":{"start":{"line":14,"column":36},"end":{"line":14,"column":48}}},"2":{"name":"(anonymous_2)","line":15,"loc":{"start":{"line":15,"column":46},"end":{"line":15,"column":58}}},"3":{"name":"(anonymous_3)","line":19,"loc":{"start":{"line":19,"column":42},"end":{"line":19,"column":54}}},"4":{"name":"(anonymous_4)","line":23,"loc":{"start":{"line":23,"column":45},"end":{"line":23,"column":57}}},"5":{"name":"(anonymous_5)","line":27,"loc":{"start":{"line":27,"column":41},"end":{"line":27,"column":53}}},"6":{"name":"(anonymous_6)","line":31,"loc":{"start":{"line":31,"column":44},"end":{"line":31,"column":56}}},"7":{"name":"(anonymous_7)","line":35,"loc":{"start":{"line":35,"column":29},"end":{"line":35,"column":41}}},"8":{"name":"(anonymous_8)","line":40,"loc":{"start":{"line":40,"column":47},"end":{"line":40,"column":59}}},"9":{"name":"(anonymous_9)","line":44,"loc":{"start":{"line":44,"column":32},"end":{"line":44,"column":44}}},"10":{"name":"(anonymous_10)","line":49,"loc":{"start":{"line":49,"column":28},"end":{"line":49,"column":40}}},"11":{"name":"(anonymous_11)","line":55,"loc":{"start":{"line":55,"column":11},"end":{"line":55,"column":23}}},"12":{"name":"(anonymous_12)","line":66,"loc":{"start":{"line":66,"column":14},"end":{"line":66,"column":26}}},"13":{"name":"(anonymous_13)","line":73,"loc":{"start":{"line":73,"column":26},"end":{"line":73,"column":38}}},"14":{"name":"(anonymous_14)","line":74,"loc":{"start":{"line":74,"column":47},"end":{"line":74,"column":59}}},"15":{"name":"(anonymous_15)","line":86,"loc":{"start":{"line":86,"column":52},"end":{"line":86,"column":64}}},"16":{"name":"(anonymous_16)","line":99,"loc":{"start":{"line":99,"column":35},"end":{"line":99,"column":47}}},"17":{"name":"(anonymous_17)","line":100,"loc":{"start":{"line":100,"column":47},"end":{"line":100,"column":59}}},"18":{"name":"(anonymous_18)","line":112,"loc":{"start":{"line":112,"column":52},"end":{"line":112,"column":64}}},"19":{"name":"(anonymous_19)","line":125,"loc":{"start":{"line":125,"column":38},"end":{"line":125,"column":50}}},"20":{"name":"(anonymous_20)","line":128,"loc":{"start":{"line":128,"column":13},"end":{"line":128,"column":25}}},"21":{"name":"(anonymous_21)","line":132,"loc":{"start":{"line":132,"column":17},"end":{"line":132,"column":29}}},"22":{"name":"(anonymous_22)","line":137,"loc":{"start":{"line":137,"column":16},"end":{"line":137,"column":28}}},"23":{"name":"(anonymous_23)","line":141,"loc":{"start":{"line":141,"column":51},"end":{"line":141,"column":63}}},"24":{"name":"(anonymous_24)","line":149,"loc":{"start":{"line":149,"column":55},"end":{"line":149,"column":67}}},"25":{"name":"(anonymous_25)","line":157,"loc":{"start":{"line":157,"column":66},"end":{"line":157,"column":78}}},"26":{"name":"(anonymous_26)","line":166,"loc":{"start":{"line":166,"column":28},"end":{"line":166,"column":40}}},"27":{"name":"(anonymous_27)","line":169,"loc":{"start":{"line":169,"column":13},"end":{"line":169,"column":25}}},"28":{"name":"(anonymous_28)","line":173,"loc":{"start":{"line":173,"column":17},"end":{"line":173,"column":29}}},"29":{"name":"(anonymous_29)","line":178,"loc":{"start":{"line":178,"column":16},"end":{"line":178,"column":28}}},"30":{"name":"(anonymous_30)","line":182,"loc":{"start":{"line":182,"column":44},"end":{"line":182,"column":56}}},"31":{"name":"(anonymous_31)","line":192,"loc":{"start":{"line":192,"column":49},"end":{"line":192,"column":61}}},"32":{"name":"(anonymous_32)","line":203,"loc":{"start":{"line":203,"column":44},"end":{"line":203,"column":56}}},"33":{"name":"(anonymous_33)","line":214,"loc":{"start":{"line":214,"column":13},"end":{"line":214,"column":25}}},"34":{"name":"(anonymous_34)","line":237,"loc":{"start":{"line":237,"column":16},"end":{"line":237,"column":28}}},"35":{"name":"(anonymous_35)","line":249,"loc":{"start":{"line":249,"column":50},"end":{"line":249,"column":62}}},"36":{"name":"(anonymous_36)","line":254,"loc":{"start":{"line":254,"column":52},"end":{"line":254,"column":64}}},"37":{"name":"(anonymous_37)","line":265,"loc":{"start":{"line":265,"column":51},"end":{"line":265,"column":63}}},"38":{"name":"(anonymous_38)","line":276,"loc":{"start":{"line":276,"column":60},"end":{"line":276,"column":72}}},"39":{"name":"(anonymous_39)","line":282,"loc":{"start":{"line":282,"column":51},"end":{"line":282,"column":63}}},"40":{"name":"(anonymous_40)","line":291,"loc":{"start":{"line":291,"column":56},"end":{"line":291,"column":68}}},"41":{"name":"(anonymous_41)","line":306,"loc":{"start":{"line":306,"column":56},"end":{"line":306,"column":68}}},"42":{"name":"(anonymous_42)","line":317,"loc":{"start":{"line":317,"column":54},"end":{"line":317,"column":66}}},"43":{"name":"(anonymous_43)","line":327,"loc":{"start":{"line":327,"column":59},"end":{"line":327,"column":71}}},"44":{"name":"(anonymous_44)","line":334,"loc":{"start":{"line":334,"column":13},"end":{"line":334,"column":25}}},"45":{"name":"(anonymous_45)","line":348,"loc":{"start":{"line":348,"column":16},"end":{"line":348,"column":28}}},"46":{"name":"(anonymous_46)","line":356,"loc":{"start":{"line":356,"column":58},"end":{"line":356,"column":70}}},"47":{"name":"(anonymous_47)","line":360,"loc":{"start":{"line":360,"column":50},"end":{"line":360,"column":62}}},"48":{"name":"(anonymous_48)","line":364,"loc":{"start":{"line":364,"column":54},"end":{"line":364,"column":66}}},"49":{"name":"(anonymous_49)","line":368,"loc":{"start":{"line":368,"column":56},"end":{"line":368,"column":68}}},"50":{"name":"(anonymous_50)","line":372,"loc":{"start":{"line":372,"column":60},"end":{"line":372,"column":72}}},"51":{"name":"(anonymous_51)","line":376,"loc":{"start":{"line":376,"column":63},"end":{"line":376,"column":75}}},"52":{"name":"(anonymous_52)","line":381,"loc":{"start":{"line":381,"column":67},"end":{"line":381,"column":79}}},"53":{"name":"(anonymous_53)","line":386,"loc":{"start":{"line":386,"column":69},"end":{"line":386,"column":81}}},"54":{"name":"(anonymous_54)","line":391,"loc":{"start":{"line":391,"column":55},"end":{"line":391,"column":67}}},"55":{"name":"(anonymous_55)","line":418,"loc":{"start":{"line":418,"column":75},"end":{"line":418,"column":87}}},"56":{"name":"(anonymous_56)","line":422,"loc":{"start":{"line":422,"column":46},"end":{"line":422,"column":58}}},"57":{"name":"(anonymous_57)","line":441,"loc":{"start":{"line":441,"column":75},"end":{"line":441,"column":87}}},"58":{"name":"(anonymous_58)","line":465,"loc":{"start":{"line":465,"column":51},"end":{"line":465,"column":63}}},"59":{"name":"(anonymous_59)","line":484,"loc":{"start":{"line":484,"column":58},"end":{"line":484,"column":70}}},"60":{"name":"(anonymous_60)","line":489,"loc":{"start":{"line":489,"column":80},"end":{"line":489,"column":92}}},"61":{"name":"(anonymous_61)","line":511,"loc":{"start":{"line":511,"column":63},"end":{"line":511,"column":75}}},"62":{"name":"(anonymous_62)","line":515,"loc":{"start":{"line":515,"column":48},"end":{"line":515,"column":60}}},"63":{"name":"(anonymous_63)","line":518,"loc":{"start":{"line":518,"column":15},"end":{"line":518,"column":27}}},"64":{"name":"(anonymous_64)","line":522,"loc":{"start":{"line":522,"column":68},"end":{"line":522,"column":80}}},"65":{"name":"(anonymous_65)","line":529,"loc":{"start":{"line":529,"column":71},"end":{"line":529,"column":83}}},"66":{"name":"(anonymous_66)","line":537,"loc":{"start":{"line":537,"column":56},"end":{"line":537,"column":68}}},"67":{"name":"(anonymous_67)","line":540,"loc":{"start":{"line":540,"column":15},"end":{"line":540,"column":27}}},"68":{"name":"(anonymous_68)","line":544,"loc":{"start":{"line":544,"column":68},"end":{"line":544,"column":80}}},"69":{"name":"(anonymous_69)","line":551,"loc":{"start":{"line":551,"column":71},"end":{"line":551,"column":83}}}},"statementMap":{"1":{"start":{"line":3,"column":0},"end":{"line":3,"column":29}},"2":{"start":{"line":4,"column":0},"end":{"line":4,"column":27}},"3":{"start":{"line":5,"column":0},"end":{"line":5,"column":29}},"4":{"start":{"line":6,"column":0},"end":{"line":6,"column":38}},"5":{"start":{"line":7,"column":0},"end":{"line":7,"column":25}},"6":{"start":{"line":9,"column":0},"end":{"line":9,"column":35}},"7":{"start":{"line":10,"column":0},"end":{"line":10,"column":50}},"8":{"start":{"line":12,"column":0},"end":{"line":12,"column":20}},"9":{"start":{"line":14,"column":0},"end":{"line":560,"column":3}},"10":{"start":{"line":15,"column":2},"end":{"line":17,"column":5}},"11":{"start":{"line":16,"column":4},"end":{"line":16,"column":61}},"12":{"start":{"line":19,"column":2},"end":{"line":21,"column":5}},"13":{"start":{"line":20,"column":4},"end":{"line":20,"column":80}},"14":{"start":{"line":23,"column":2},"end":{"line":25,"column":5}},"15":{"start":{"line":24,"column":4},"end":{"line":24,"column":83}},"16":{"start":{"line":27,"column":2},"end":{"line":29,"column":5}},"17":{"start":{"line":28,"column":4},"end":{"line":28,"column":79}},"18":{"start":{"line":31,"column":2},"end":{"line":33,"column":5}},"19":{"start":{"line":32,"column":4},"end":{"line":32,"column":74}},"20":{"start":{"line":35,"column":2},"end":{"line":38,"column":5}},"21":{"start":{"line":36,"column":4},"end":{"line":36,"column":84}},"22":{"start":{"line":37,"column":4},"end":{"line":37,"column":92}},"23":{"start":{"line":40,"column":2},"end":{"line":42,"column":5}},"24":{"start":{"line":41,"column":4},"end":{"line":41,"column":77}},"25":{"start":{"line":44,"column":2},"end":{"line":47,"column":5}},"26":{"start":{"line":45,"column":4},"end":{"line":45,"column":87}},"27":{"start":{"line":46,"column":4},"end":{"line":46,"column":60}},"28":{"start":{"line":49,"column":2},"end":{"line":559,"column":5}},"29":{"start":{"line":50,"column":4},"end":{"line":50,"column":18}},"30":{"start":{"line":51,"column":4},"end":{"line":51,"column":27}},"31":{"start":{"line":52,"column":4},"end":{"line":52,"column":19}},"32":{"start":{"line":53,"column":4},"end":{"line":53,"column":24}},"33":{"start":{"line":55,"column":4},"end":{"line":64,"column":7}},"34":{"start":{"line":56,"column":6},"end":{"line":56,"column":30}},"35":{"start":{"line":57,"column":6},"end":{"line":57,"column":39}},"36":{"start":{"line":58,"column":6},"end":{"line":58,"column":53}},"37":{"start":{"line":59,"column":6},"end":{"line":59,"column":63}},"38":{"start":{"line":60,"column":6},"end":{"line":60,"column":45}},"39":{"start":{"line":61,"column":6},"end":{"line":61,"column":65}},"40":{"start":{"line":62,"column":6},"end":{"line":62,"column":71}},"41":{"start":{"line":63,"column":6},"end":{"line":63,"column":73}},"42":{"start":{"line":66,"column":4},"end":{"line":71,"column":7}},"43":{"start":{"line":67,"column":6},"end":{"line":67,"column":24}},"44":{"start":{"line":68,"column":6},"end":{"line":68,"column":33}},"45":{"start":{"line":69,"column":6},"end":{"line":69,"column":25}},"46":{"start":{"line":70,"column":6},"end":{"line":70,"column":30}},"47":{"start":{"line":73,"column":4},"end":{"line":97,"column":7}},"48":{"start":{"line":74,"column":6},"end":{"line":84,"column":9}},"49":{"start":{"line":75,"column":8},"end":{"line":75,"column":63}},"50":{"start":{"line":76,"column":8},"end":{"line":76,"column":50}},"51":{"start":{"line":77,"column":8},"end":{"line":77,"column":63}},"52":{"start":{"line":79,"column":8},"end":{"line":79,"column":51}},"53":{"start":{"line":80,"column":8},"end":{"line":80,"column":74}},"54":{"start":{"line":82,"column":8},"end":{"line":82,"column":56}},"55":{"start":{"line":83,"column":8},"end":{"line":83,"column":59}},"56":{"start":{"line":86,"column":6},"end":{"line":96,"column":9}},"57":{"start":{"line":87,"column":8},"end":{"line":87,"column":68}},"58":{"start":{"line":88,"column":8},"end":{"line":88,"column":50}},"59":{"start":{"line":89,"column":8},"end":{"line":89,"column":63}},"60":{"start":{"line":91,"column":8},"end":{"line":91,"column":56}},"61":{"start":{"line":92,"column":8},"end":{"line":92,"column":79}},"62":{"start":{"line":94,"column":8},"end":{"line":94,"column":51}},"63":{"start":{"line":95,"column":8},"end":{"line":95,"column":59}},"64":{"start":{"line":99,"column":4},"end":{"line":123,"column":7}},"65":{"start":{"line":100,"column":6},"end":{"line":110,"column":9}},"66":{"start":{"line":101,"column":8},"end":{"line":101,"column":71}},"67":{"start":{"line":102,"column":8},"end":{"line":102,"column":59}},"68":{"start":{"line":103,"column":8},"end":{"line":103,"column":72}},"69":{"start":{"line":105,"column":8},"end":{"line":105,"column":51}},"70":{"start":{"line":106,"column":8},"end":{"line":106,"column":82}},"71":{"start":{"line":108,"column":8},"end":{"line":108,"column":56}},"72":{"start":{"line":109,"column":8},"end":{"line":109,"column":50}},"73":{"start":{"line":112,"column":6},"end":{"line":122,"column":9}},"74":{"start":{"line":113,"column":8},"end":{"line":113,"column":76}},"75":{"start":{"line":114,"column":8},"end":{"line":114,"column":59}},"76":{"start":{"line":115,"column":8},"end":{"line":115,"column":72}},"77":{"start":{"line":117,"column":8},"end":{"line":117,"column":56}},"78":{"start":{"line":118,"column":8},"end":{"line":118,"column":87}},"79":{"start":{"line":120,"column":8},"end":{"line":120,"column":51}},"80":{"start":{"line":121,"column":8},"end":{"line":121,"column":50}},"81":{"start":{"line":125,"column":4},"end":{"line":164,"column":7}},"82":{"start":{"line":126,"column":6},"end":{"line":126,"column":30}},"83":{"start":{"line":128,"column":6},"end":{"line":130,"column":9}},"84":{"start":{"line":129,"column":8},"end":{"line":129,"column":42}},"85":{"start":{"line":132,"column":6},"end":{"line":135,"column":9}},"86":{"start":{"line":133,"column":8},"end":{"line":133,"column":68}},"87":{"start":{"line":134,"column":8},"end":{"line":134,"column":69}},"88":{"start":{"line":137,"column":6},"end":{"line":139,"column":9}},"89":{"start":{"line":138,"column":8},"end":{"line":138,"column":36}},"90":{"start":{"line":141,"column":6},"end":{"line":147,"column":9}},"91":{"start":{"line":142,"column":8},"end":{"line":142,"column":113}},"92":{"start":{"line":143,"column":8},"end":{"line":143,"column":69}},"93":{"start":{"line":145,"column":8},"end":{"line":145,"column":66}},"94":{"start":{"line":146,"column":8},"end":{"line":146,"column":60}},"95":{"start":{"line":149,"column":6},"end":{"line":155,"column":9}},"96":{"start":{"line":150,"column":8},"end":{"line":150,"column":113}},"97":{"start":{"line":151,"column":8},"end":{"line":151,"column":69}},"98":{"start":{"line":153,"column":8},"end":{"line":153,"column":71}},"99":{"start":{"line":154,"column":8},"end":{"line":154,"column":60}},"100":{"start":{"line":157,"column":6},"end":{"line":163,"column":9}},"101":{"start":{"line":158,"column":8},"end":{"line":158,"column":117}},"102":{"start":{"line":159,"column":8},"end":{"line":159,"column":69}},"103":{"start":{"line":161,"column":8},"end":{"line":161,"column":65}},"104":{"start":{"line":162,"column":8},"end":{"line":162,"column":60}},"105":{"start":{"line":166,"column":4},"end":{"line":201,"column":7}},"106":{"start":{"line":167,"column":6},"end":{"line":167,"column":26}},"107":{"start":{"line":169,"column":6},"end":{"line":171,"column":9}},"108":{"start":{"line":170,"column":8},"end":{"line":170,"column":38}},"109":{"start":{"line":173,"column":6},"end":{"line":176,"column":9}},"110":{"start":{"line":174,"column":8},"end":{"line":174,"column":53}},"111":{"start":{"line":175,"column":8},"end":{"line":175,"column":65}},"112":{"start":{"line":178,"column":6},"end":{"line":180,"column":9}},"113":{"start":{"line":179,"column":8},"end":{"line":179,"column":32}},"114":{"start":{"line":182,"column":6},"end":{"line":190,"column":9}},"115":{"start":{"line":183,"column":8},"end":{"line":183,"column":61}},"116":{"start":{"line":184,"column":8},"end":{"line":184,"column":65}},"117":{"start":{"line":186,"column":8},"end":{"line":186,"column":62}},"118":{"start":{"line":188,"column":8},"end":{"line":188,"column":56}},"119":{"start":{"line":189,"column":8},"end":{"line":189,"column":79}},"120":{"start":{"line":192,"column":6},"end":{"line":200,"column":9}},"121":{"start":{"line":193,"column":8},"end":{"line":193,"column":66}},"122":{"start":{"line":194,"column":8},"end":{"line":194,"column":65}},"123":{"start":{"line":196,"column":8},"end":{"line":196,"column":67}},"124":{"start":{"line":198,"column":8},"end":{"line":198,"column":56}},"125":{"start":{"line":199,"column":8},"end":{"line":199,"column":79}},"126":{"start":{"line":203,"column":4},"end":{"line":325,"column":7}},"127":{"start":{"line":204,"column":6},"end":{"line":204,"column":21}},"128":{"start":{"line":205,"column":6},"end":{"line":205,"column":25}},"129":{"start":{"line":206,"column":6},"end":{"line":206,"column":30}},"130":{"start":{"line":207,"column":6},"end":{"line":207,"column":21}},"131":{"start":{"line":208,"column":6},"end":{"line":208,"column":25}},"132":{"start":{"line":209,"column":6},"end":{"line":209,"column":30}},"133":{"start":{"line":210,"column":6},"end":{"line":210,"column":25}},"134":{"start":{"line":211,"column":6},"end":{"line":211,"column":29}},"135":{"start":{"line":212,"column":6},"end":{"line":212,"column":34}},"136":{"start":{"line":214,"column":6},"end":{"line":235,"column":9}},"137":{"start":{"line":215,"column":8},"end":{"line":215,"column":33}},"138":{"start":{"line":216,"column":8},"end":{"line":216,"column":42}},"139":{"start":{"line":217,"column":8},"end":{"line":217,"column":51}},"140":{"start":{"line":218,"column":8},"end":{"line":218,"column":64}},"141":{"start":{"line":219,"column":8},"end":{"line":219,"column":74}},"142":{"start":{"line":220,"column":8},"end":{"line":220,"column":70}},"143":{"start":{"line":222,"column":8},"end":{"line":222,"column":33}},"144":{"start":{"line":223,"column":8},"end":{"line":223,"column":42}},"145":{"start":{"line":224,"column":8},"end":{"line":224,"column":51}},"146":{"start":{"line":225,"column":8},"end":{"line":225,"column":64}},"147":{"start":{"line":226,"column":8},"end":{"line":226,"column":74}},"148":{"start":{"line":227,"column":8},"end":{"line":227,"column":70}},"149":{"start":{"line":229,"column":8},"end":{"line":229,"column":37}},"150":{"start":{"line":230,"column":8},"end":{"line":230,"column":47}},"151":{"start":{"line":231,"column":8},"end":{"line":231,"column":64}},"152":{"start":{"line":232,"column":8},"end":{"line":232,"column":73}},"153":{"start":{"line":233,"column":8},"end":{"line":233,"column":83}},"154":{"start":{"line":234,"column":8},"end":{"line":234,"column":79}},"155":{"start":{"line":237,"column":6},"end":{"line":247,"column":9}},"156":{"start":{"line":238,"column":8},"end":{"line":238,"column":27}},"157":{"start":{"line":239,"column":8},"end":{"line":239,"column":31}},"158":{"start":{"line":240,"column":8},"end":{"line":240,"column":36}},"159":{"start":{"line":241,"column":8},"end":{"line":241,"column":27}},"160":{"start":{"line":242,"column":8},"end":{"line":242,"column":31}},"161":{"start":{"line":243,"column":8},"end":{"line":243,"column":36}},"162":{"start":{"line":244,"column":8},"end":{"line":244,"column":31}},"163":{"start":{"line":245,"column":8},"end":{"line":245,"column":35}},"164":{"start":{"line":246,"column":8},"end":{"line":246,"column":40}},"165":{"start":{"line":249,"column":6},"end":{"line":252,"column":9}},"166":{"start":{"line":250,"column":8},"end":{"line":250,"column":70}},"167":{"start":{"line":251,"column":8},"end":{"line":251,"column":75}},"168":{"start":{"line":254,"column":6},"end":{"line":263,"column":9}},"169":{"start":{"line":255,"column":8},"end":{"line":255,"column":73}},"170":{"start":{"line":256,"column":8},"end":{"line":256,"column":55}},"171":{"start":{"line":257,"column":8},"end":{"line":257,"column":78}},"172":{"start":{"line":258,"column":8},"end":{"line":258,"column":60}},"173":{"start":{"line":260,"column":8},"end":{"line":260,"column":51}},"174":{"start":{"line":261,"column":8},"end":{"line":261,"column":74}},"175":{"start":{"line":262,"column":8},"end":{"line":262,"column":56}},"176":{"start":{"line":265,"column":6},"end":{"line":274,"column":9}},"177":{"start":{"line":266,"column":8},"end":{"line":266,"column":73}},"178":{"start":{"line":268,"column":8},"end":{"line":268,"column":50}},"179":{"start":{"line":269,"column":8},"end":{"line":269,"column":63}},"180":{"start":{"line":271,"column":8},"end":{"line":271,"column":51}},"181":{"start":{"line":272,"column":8},"end":{"line":272,"column":51}},"182":{"start":{"line":273,"column":8},"end":{"line":273,"column":55}},"183":{"start":{"line":276,"column":6},"end":{"line":280,"column":9}},"184":{"start":{"line":277,"column":8},"end":{"line":277,"column":73}},"185":{"start":{"line":278,"column":8},"end":{"line":278,"column":55}},"186":{"start":{"line":279,"column":8},"end":{"line":279,"column":60}},"187":{"start":{"line":282,"column":6},"end":{"line":289,"column":9}},"188":{"start":{"line":283,"column":8},"end":{"line":283,"column":66}},"189":{"start":{"line":284,"column":8},"end":{"line":284,"column":55}},"190":{"start":{"line":285,"column":8},"end":{"line":285,"column":59}},"191":{"start":{"line":287,"column":8},"end":{"line":287,"column":60}},"192":{"start":{"line":288,"column":8},"end":{"line":288,"column":64}},"193":{"start":{"line":291,"column":6},"end":{"line":304,"column":9}},"194":{"start":{"line":292,"column":8},"end":{"line":292,"column":70}},"195":{"start":{"line":293,"column":8},"end":{"line":293,"column":60}},"196":{"start":{"line":294,"column":8},"end":{"line":294,"column":85}},"197":{"start":{"line":295,"column":8},"end":{"line":295,"column":55}},"198":{"start":{"line":297,"column":8},"end":{"line":297,"column":60}},"199":{"start":{"line":298,"column":8},"end":{"line":298,"column":85}},"200":{"start":{"line":299,"column":8},"end":{"line":299,"column":55}},"201":{"start":{"line":301,"column":8},"end":{"line":301,"column":64}},"202":{"start":{"line":302,"column":8},"end":{"line":302,"column":89}},"203":{"start":{"line":303,"column":8},"end":{"line":303,"column":59}},"204":{"start":{"line":306,"column":6},"end":{"line":315,"column":9}},"205":{"start":{"line":307,"column":8},"end":{"line":307,"column":70}},"206":{"start":{"line":309,"column":8},"end":{"line":309,"column":55}},"207":{"start":{"line":310,"column":8},"end":{"line":310,"column":68}},"208":{"start":{"line":312,"column":8},"end":{"line":312,"column":50}},"209":{"start":{"line":313,"column":8},"end":{"line":313,"column":51}},"210":{"start":{"line":314,"column":8},"end":{"line":314,"column":51}},"211":{"start":{"line":317,"column":6},"end":{"line":324,"column":9}},"212":{"start":{"line":318,"column":8},"end":{"line":318,"column":79}},"213":{"start":{"line":319,"column":8},"end":{"line":319,"column":51}},"214":{"start":{"line":320,"column":8},"end":{"line":320,"column":55}},"215":{"start":{"line":322,"column":8},"end":{"line":322,"column":56}},"216":{"start":{"line":323,"column":8},"end":{"line":323,"column":60}},"217":{"start":{"line":327,"column":4},"end":{"line":558,"column":7}},"218":{"start":{"line":328,"column":6},"end":{"line":328,"column":27}},"219":{"start":{"line":329,"column":6},"end":{"line":329,"column":26}},"220":{"start":{"line":330,"column":6},"end":{"line":330,"column":31}},"221":{"start":{"line":331,"column":6},"end":{"line":331,"column":31}},"222":{"start":{"line":332,"column":6},"end":{"line":332,"column":36}},"223":{"start":{"line":334,"column":6},"end":{"line":346,"column":9}},"224":{"start":{"line":335,"column":8},"end":{"line":335,"column":39}},"225":{"start":{"line":336,"column":8},"end":{"line":336,"column":70}},"226":{"start":{"line":338,"column":8},"end":{"line":338,"column":93}},"227":{"start":{"line":339,"column":8},"end":{"line":339,"column":99}},"228":{"start":{"line":340,"column":8},"end":{"line":340,"column":83}},"229":{"start":{"line":342,"column":8},"end":{"line":342,"column":66}},"230":{"start":{"line":343,"column":8},"end":{"line":343,"column":76}},"231":{"start":{"line":344,"column":8},"end":{"line":344,"column":77}},"232":{"start":{"line":345,"column":8},"end":{"line":345,"column":87}},"233":{"start":{"line":348,"column":6},"end":{"line":354,"column":9}},"234":{"start":{"line":349,"column":8},"end":{"line":349,"column":33}},"235":{"start":{"line":350,"column":8},"end":{"line":350,"column":32}},"236":{"start":{"line":351,"column":8},"end":{"line":351,"column":37}},"237":{"start":{"line":352,"column":8},"end":{"line":352,"column":37}},"238":{"start":{"line":353,"column":8},"end":{"line":353,"column":42}},"239":{"start":{"line":356,"column":6},"end":{"line":358,"column":9}},"240":{"start":{"line":357,"column":8},"end":{"line":357,"column":83}},"241":{"start":{"line":360,"column":6},"end":{"line":362,"column":9}},"242":{"start":{"line":361,"column":8},"end":{"line":361,"column":72}},"243":{"start":{"line":364,"column":6},"end":{"line":366,"column":9}},"244":{"start":{"line":365,"column":8},"end":{"line":365,"column":78}},"245":{"start":{"line":368,"column":6},"end":{"line":370,"column":9}},"246":{"start":{"line":369,"column":8},"end":{"line":369,"column":83}},"247":{"start":{"line":372,"column":6},"end":{"line":374,"column":9}},"248":{"start":{"line":373,"column":8},"end":{"line":373,"column":101}},"249":{"start":{"line":376,"column":6},"end":{"line":379,"column":9}},"250":{"start":{"line":377,"column":8},"end":{"line":377,"column":74}},"251":{"start":{"line":378,"column":8},"end":{"line":378,"column":68}},"252":{"start":{"line":381,"column":6},"end":{"line":384,"column":9}},"253":{"start":{"line":382,"column":8},"end":{"line":382,"column":80}},"254":{"start":{"line":383,"column":8},"end":{"line":383,"column":74}},"255":{"start":{"line":386,"column":6},"end":{"line":389,"column":9}},"256":{"start":{"line":387,"column":8},"end":{"line":387,"column":85}},"257":{"start":{"line":388,"column":8},"end":{"line":388,"column":79}},"258":{"start":{"line":391,"column":6},"end":{"line":416,"column":9}},"259":{"start":{"line":392,"column":8},"end":{"line":392,"column":30}},"260":{"start":{"line":394,"column":8},"end":{"line":394,"column":47}},"261":{"start":{"line":395,"column":8},"end":{"line":395,"column":47}},"262":{"start":{"line":396,"column":8},"end":{"line":396,"column":47}},"263":{"start":{"line":398,"column":8},"end":{"line":398,"column":73}},"264":{"start":{"line":399,"column":8},"end":{"line":399,"column":73}},"265":{"start":{"line":401,"column":8},"end":{"line":401,"column":100}},"266":{"start":{"line":403,"column":8},"end":{"line":403,"column":73}},"267":{"start":{"line":404,"column":8},"end":{"line":404,"column":73}},"268":{"start":{"line":406,"column":8},"end":{"line":406,"column":96}},"269":{"start":{"line":408,"column":8},"end":{"line":408,"column":73}},"270":{"start":{"line":409,"column":8},"end":{"line":409,"column":73}},"271":{"start":{"line":411,"column":8},"end":{"line":411,"column":50}},"272":{"start":{"line":412,"column":8},"end":{"line":412,"column":44}},"273":{"start":{"line":415,"column":8},"end":{"line":415,"column":49}},"274":{"start":{"line":418,"column":6},"end":{"line":420,"column":9}},"275":{"start":{"line":419,"column":8},"end":{"line":419,"column":100}},"276":{"start":{"line":422,"column":6},"end":{"line":439,"column":9}},"277":{"start":{"line":423,"column":8},"end":{"line":423,"column":79}},"278":{"start":{"line":425,"column":8},"end":{"line":425,"column":51}},"279":{"start":{"line":426,"column":8},"end":{"line":426,"column":78}},"280":{"start":{"line":427,"column":8},"end":{"line":427,"column":61}},"281":{"start":{"line":429,"column":8},"end":{"line":429,"column":56}},"282":{"start":{"line":430,"column":8},"end":{"line":430,"column":83}},"283":{"start":{"line":431,"column":8},"end":{"line":431,"column":61}},"284":{"start":{"line":433,"column":8},"end":{"line":433,"column":61}},"285":{"start":{"line":434,"column":8},"end":{"line":434,"column":88}},"286":{"start":{"line":435,"column":8},"end":{"line":435,"column":66}},"287":{"start":{"line":437,"column":8},"end":{"line":437,"column":57}},"288":{"start":{"line":438,"column":8},"end":{"line":438,"column":70}},"289":{"start":{"line":441,"column":6},"end":{"line":463,"column":9}},"290":{"start":{"line":442,"column":8},"end":{"line":442,"column":79}},"291":{"start":{"line":446,"column":8},"end":{"line":446,"column":52}},"292":{"start":{"line":447,"column":8},"end":{"line":447,"column":100}},"293":{"start":{"line":449,"column":8},"end":{"line":449,"column":89}},"294":{"start":{"line":450,"column":8},"end":{"line":450,"column":61}},"295":{"start":{"line":452,"column":8},"end":{"line":452,"column":56}},"296":{"start":{"line":453,"column":8},"end":{"line":453,"column":83}},"297":{"start":{"line":454,"column":8},"end":{"line":454,"column":61}},"298":{"start":{"line":458,"column":8},"end":{"line":458,"column":61}},"299":{"start":{"line":459,"column":8},"end":{"line":459,"column":66}},"300":{"start":{"line":461,"column":8},"end":{"line":461,"column":57}},"301":{"start":{"line":462,"column":8},"end":{"line":462,"column":70}},"302":{"start":{"line":465,"column":6},"end":{"line":482,"column":9}},"303":{"start":{"line":466,"column":8},"end":{"line":466,"column":72}},"304":{"start":{"line":468,"column":8},"end":{"line":468,"column":51}},"305":{"start":{"line":469,"column":8},"end":{"line":469,"column":56}},"306":{"start":{"line":470,"column":8},"end":{"line":470,"column":83}},"307":{"start":{"line":472,"column":8},"end":{"line":472,"column":56}},"308":{"start":{"line":473,"column":8},"end":{"line":473,"column":61}},"309":{"start":{"line":474,"column":8},"end":{"line":474,"column":88}},"310":{"start":{"line":476,"column":8},"end":{"line":476,"column":61}},"311":{"start":{"line":477,"column":8},"end":{"line":477,"column":66}},"312":{"start":{"line":478,"column":8},"end":{"line":478,"column":93}},"313":{"start":{"line":480,"column":8},"end":{"line":480,"column":57}},"314":{"start":{"line":481,"column":8},"end":{"line":481,"column":70}},"315":{"start":{"line":484,"column":6},"end":{"line":487,"column":9}},"316":{"start":{"line":485,"column":8},"end":{"line":485,"column":68}},"317":{"start":{"line":486,"column":8},"end":{"line":486,"column":50}},"318":{"start":{"line":489,"column":6},"end":{"line":509,"column":9}},"319":{"start":{"line":490,"column":8},"end":{"line":490,"column":65}},"320":{"start":{"line":493,"column":8},"end":{"line":493,"column":51}},"321":{"start":{"line":496,"column":8},"end":{"line":496,"column":56}},"322":{"start":{"line":497,"column":8},"end":{"line":497,"column":95}},"323":{"start":{"line":499,"column":8},"end":{"line":499,"column":56}},"324":{"start":{"line":500,"column":8},"end":{"line":500,"column":61}},"325":{"start":{"line":502,"column":8},"end":{"line":502,"column":61}},"326":{"start":{"line":505,"column":8},"end":{"line":505,"column":66}},"327":{"start":{"line":507,"column":8},"end":{"line":507,"column":57}},"328":{"start":{"line":508,"column":8},"end":{"line":508,"column":70}},"329":{"start":{"line":511,"column":6},"end":{"line":513,"column":9}},"330":{"start":{"line":512,"column":8},"end":{"line":512,"column":73}},"331":{"start":{"line":515,"column":6},"end":{"line":535,"column":9}},"332":{"start":{"line":516,"column":8},"end":{"line":516,"column":29}},"333":{"start":{"line":518,"column":8},"end":{"line":520,"column":11}},"334":{"start":{"line":519,"column":10},"end":{"line":519,"column":41}},"335":{"start":{"line":522,"column":8},"end":{"line":527,"column":11}},"336":{"start":{"line":523,"column":10},"end":{"line":523,"column":81}},"337":{"start":{"line":525,"column":10},"end":{"line":525,"column":101}},"338":{"start":{"line":526,"column":10},"end":{"line":526,"column":85}},"339":{"start":{"line":529,"column":8},"end":{"line":534,"column":11}},"340":{"start":{"line":530,"column":10},"end":{"line":530,"column":84}},"341":{"start":{"line":532,"column":10},"end":{"line":532,"column":101}},"342":{"start":{"line":533,"column":10},"end":{"line":533,"column":85}},"343":{"start":{"line":537,"column":6},"end":{"line":557,"column":9}},"344":{"start":{"line":538,"column":8},"end":{"line":538,"column":24}},"345":{"start":{"line":540,"column":8},"end":{"line":542,"column":11}},"346":{"start":{"line":541,"column":10},"end":{"line":541,"column":36}},"347":{"start":{"line":544,"column":8},"end":{"line":549,"column":11}},"348":{"start":{"line":545,"column":10},"end":{"line":545,"column":72}},"349":{"start":{"line":547,"column":10},"end":{"line":547,"column":95}},"350":{"start":{"line":548,"column":10},"end":{"line":548,"column":74}},"351":{"start":{"line":551,"column":8},"end":{"line":556,"column":11}},"352":{"start":{"line":552,"column":10},"end":{"line":552,"column":75}},"353":{"start":{"line":554,"column":10},"end":{"line":554,"column":95}},"354":{"start":{"line":555,"column":10},"end":{"line":555,"column":74}}},"branchMap":{},"l":{"3":1,"4":1,"5":1,"6":1,"7":1,"9":1,"10":1,"12":1,"14":1,"15":1,"16":1,"19":1,"20":1,"23":1,"24":1,"27":1,"28":1,"31":1,"32":1,"35":1,"36":1,"37":1,"40":1,"41":1,"44":1,"45":1,"46":1,"49":1,"50":1,"51":1,"52":1,"53":1,"55":1,"56":1,"57":1,"58":1,"59":1,"60":1,"61":1,"62":1,"63":1,"66":1,"67":37,"68":37,"69":37,"70":37,"73":1,"74":1,"75":1,"76":1,"77":1,"79":1,"80":1,"82":1,"83":1,"86":1,"87":1,"88":1,"89":1,"91":1,"92":1,"94":1,"95":1,"99":1,"100":1,"101":1,"102":1,"103":1,"105":1,"106":1,"108":1,"109":1,"112":1,"113":1,"114":1,"115":1,"117":1,"118":1,"120":1,"121":1,"125":1,"126":1,"128":1,"129":1,"132":1,"133":3,"134":3,"137":1,"138":3,"141":1,"142":1,"143":1,"145":1,"146":1,"149":1,"150":1,"151":1,"153":1,"154":1,"157":1,"158":1,"159":1,"161":1,"162":1,"166":1,"167":1,"169":1,"170":1,"173":1,"174":2,"175":2,"178":1,"179":2,"182":1,"183":1,"184":1,"186":1,"188":1,"189":1,"192":1,"193":1,"194":1,"196":1,"198":1,"199":1,"203":1,"204":1,"205":1,"206":1,"207":1,"208":1,"209":1,"210":1,"211":1,"212":1,"214":1,"215":1,"216":1,"217":1,"218":1,"219":1,"220":1,"222":1,"223":1,"224":1,"225":1,"226":1,"227":1,"229":1,"230":1,"231":1,"232":1,"233":1,"234":1,"237":1,"238":8,"239":8,"240":8,"241":8,"242":8,"243":8,"244":8,"245":8,"246":8,"249":1,"250":1,"251":1,"254":1,"255":1,"256":1,"257":1,"258":1,"260":1,"261":1,"262":1,"265":1,"266":1,"268":1,"269":1,"271":1,"272":1,"273":1,"276":1,"277":1,"278":1,"279":1,"282":1,"283":1,"284":1,"285":1,"287":1,"288":1,"291":1,"292":1,"293":1,"294":1,"295":1,"297":1,"298":1,"299":1,"301":1,"302":1,"303":1,"306":1,"307":1,"309":1,"310":1,"312":1,"313":1,"314":1,"317":1,"318":1,"319":1,"320":1,"322":1,"323":1,"327":1,"328":1,"329":1,"330":1,"331":1,"332":1,"334":1,"335":1,"336":1,"338":1,"339":1,"340":1,"342":1,"343":1,"344":1,"345":1,"348":1,"349":20,"350":20,"351":20,"352":20,"353":20,"356":1,"357":1,"360":1,"361":1,"364":1,"365":1,"368":1,"369":1,"372":1,"373":1,"376":1,"377":1,"378":1,"381":1,"382":1,"383":1,"386":1,"387":1,"388":1,"391":1,"392":1,"394":1,"395":1,"396":1,"398":1,"399":1,"401":1,"403":1,"404":1,"406":1,"408":1,"409":1,"411":1,"412":1,"415":1,"418":1,"419":1,"422":1,"423":1,"425":1,"426":1,"427":1,"429":1,"430":1,"431":1,"433":1,"434":1,"435":1,"437":1,"438":1,"441":1,"442":1,"446":1,"447":1,"449":1,"450":1,"452":1,"453":1,"454":1,"458":1,"459":1,"461":1,"462":1,"465":1,"466":1,"468":1,"469":1,"470":1,"472":1,"473":1,"474":1,"476":1,"477":1,"478":1,"480":1,"481":1,"484":1,"485":1,"486":1,"489":1,"490":1,"493":1,"496":1,"497":1,"499":1,"500":1,"502":1,"505":1,"507":1,"508":1,"511":1,"512":1,"515":1,"516":1,"518":1,"519":1,"522":1,"523":1,"525":1,"526":1,"529":1,"530":1,"532":1,"533":1,"537":1,"538":1,"540":1,"541":1,"544":1,"545":1,"547":1,"548":1,"551":1,"552":1,"554":1,"555":1}},
"/Users/jasoncust/Development/git/channel-emitter/index.js":{"path":"/Users/jasoncust/Development/git/channel-emitter/index.js","s":{"1":1,"2":1,"3":1,"4":1,"5":1,"6":1,"7":1,"8":1,"9":1,"10":1,"11":1,"12":1,"13":1,"14":1,"15":1,"16":1,"17":1,"18":1,"19":1,"20":1,"21":1,"22":1,"23":1,"24":1,"25":1,"26":1,"27":1,"28":6,"29":1,"30":7,"31":7,"32":6,"33":7,"34":1,"35":3,"36":3,"37":2,"38":1,"39":1,"40":3,"41":1,"42":30,"43":30,"44":1,"45":7,"46":7,"47":1,"48":10,"49":1,"50":12,"51":9,"52":9,"53":12,"54":1,"55":3,"56":3,"57":2,"58":2,"59":3,"60":1,"61":25,"62":25,"63":25,"64":25,"65":25,"66":24,"67":24,"68":24,"69":25,"70":1,"71":22,"72":22,"73":22,"74":22,"75":22,"76":22,"77":21,"78":21,"79":21,"80":11,"81":11,"82":22,"83":1,"84":10,"85":10,"86":10,"87":9,"88":1,"89":16,"90":7,"91":7,"92":1,"93":94,"94":37,"95":94,"96":94,"97":4,"98":4,"99":94,"100":1,"101":110,"102":110,"103":33,"104":33,"105":33,"106":2,"107":2,"108":2,"109":33,"110":110,"111":1,"112":16,"113":16,"114":16},"b":{"1":[6,1],"2":[2,1],"3":[1,1],"4":[29,1],"5":[5,2],"6":[9,3],"7":[12,11],"8":[2,1],"9":[24,1],"10":[24,11,18],"11":[25,16],"12":[21,1],"13":[11,9],"14":[22,15],"15":[9,1],"16":[37,37],"17":[94,87],"18":[4,90],"19":[33,77],"20":[2,31]},"f":{"1":6,"2":7,"3":3,"4":30,"5":7,"6":10,"7":12,"8":3,"9":25,"10":22,"11":11,"12":10,"13":16,"14":7,"15":94,"16":37,"17":110,"18":16},"fnMap":{"1":{"name":"addListener","line":51,"loc":{"start":{"line":51,"column":0},"end":{"line":51,"column":42}}},"2":{"name":"removeListener","line":63,"loc":{"start":{"line":63,"column":0},"end":{"line":63,"column":45}}},"3":{"name":"removeAllListeners","line":80,"loc":{"start":{"line":80,"column":0},"end":{"line":80,"column":39}}},"4":{"name":"listenerCount","line":101,"loc":{"start":{"line":101,"column":0},"end":{"line":101,"column":34}}},"5":{"name":"listeners","line":116,"loc":{"start":{"line":116,"column":0},"end":{"line":116,"column":30}}},"6":{"name":"on","line":132,"loc":{"start":{"line":132,"column":0},"end":{"line":132,"column":33}}},"7":{"name":"addChannel","line":142,"loc":{"start":{"line":142,"column":0},"end":{"line":142,"column":33}}},"8":{"name":"removeChannel","line":157,"loc":{"start":{"line":157,"column":0},"end":{"line":157,"column":36}}},"9":{"name":"emit","line":176,"loc":{"start":{"line":176,"column":0},"end":{"line":176,"column":16}}},"10":{"name":"broadcast","line":200,"loc":{"start":{"line":200,"column":0},"end":{"line":200,"column":21}}},"11":{"name":"emitToSubChannel","line":213,"loc":{"start":{"line":213,"column":55},"end":{"line":213,"column":100}}},"12":{"name":"ChannelEmitter","line":226,"loc":{"start":{"line":226,"column":0},"end":{"line":226,"column":32}}},"13":{"name":"addChannelsFromEventName","line":240,"loc":{"start":{"line":240,"column":0},"end":{"line":240,"column":57}}},"14":{"name":"(anonymous_14)","line":241,"loc":{"start":{"line":241,"column":61},"end":{"line":241,"column":85}}},"15":{"name":"getChannelAndEventName","line":248,"loc":{"start":{"line":248,"column":0},"end":{"line":248,"column":55}}},"16":{"name":"(anonymous_16)","line":249,"loc":{"start":{"line":249,"column":80},"end":{"line":249,"column":104}}},"17":{"name":"processChannelsFromEventName","line":264,"loc":{"start":{"line":264,"column":0},"end":{"line":264,"column":71}}},"18":{"name":"onOrAddListener","line":286,"loc":{"start":{"line":286,"column":0},"end":{"line":286,"column":63}}}},"statementMap":{"1":{"start":{"line":3,"column":0},"end":{"line":3,"column":27}},"2":{"start":{"line":4,"column":0},"end":{"line":4,"column":50}},"3":{"start":{"line":5,"column":0},"end":{"line":5,"column":12}},"4":{"start":{"line":7,"column":0},"end":{"line":7,"column":19}},"5":{"start":{"line":8,"column":0},"end":{"line":8,"column":27}},"6":{"start":{"line":9,"column":0},"end":{"line":9,"column":20}},"7":{"start":{"line":10,"column":0},"end":{"line":10,"column":27}},"8":{"start":{"line":20,"column":0},"end":{"line":20,"column":44}},"9":{"start":{"line":22,"column":0},"end":{"line":22,"column":77}},"10":{"start":{"line":23,"column":0},"end":{"line":23,"column":51}},"11":{"start":{"line":24,"column":0},"end":{"line":24,"column":83}},"12":{"start":{"line":25,"column":0},"end":{"line":25,"column":57}},"13":{"start":{"line":26,"column":0},"end":{"line":26,"column":91}},"14":{"start":{"line":27,"column":0},"end":{"line":27,"column":65}},"15":{"start":{"line":28,"column":0},"end":{"line":28,"column":81}},"16":{"start":{"line":29,"column":0},"end":{"line":29,"column":55}},"17":{"start":{"line":30,"column":0},"end":{"line":30,"column":73}},"18":{"start":{"line":31,"column":0},"end":{"line":31,"column":47}},"19":{"start":{"line":32,"column":0},"end":{"line":32,"column":59}},"20":{"start":{"line":33,"column":0},"end":{"line":33,"column":33}},"21":{"start":{"line":34,"column":0},"end":{"line":34,"column":63}},"22":{"start":{"line":35,"column":0},"end":{"line":35,"column":37}},"23":{"start":{"line":37,"column":0},"end":{"line":37,"column":47}},"24":{"start":{"line":38,"column":0},"end":{"line":38,"column":49}},"25":{"start":{"line":39,"column":0},"end":{"line":39,"column":55}},"26":{"start":{"line":41,"column":0},"end":{"line":41,"column":48}},"27":{"start":{"line":51,"column":0},"end":{"line":53,"column":1}},"28":{"start":{"line":52,"column":2},"end":{"line":52,"column":68}},"29":{"start":{"line":63,"column":0},"end":{"line":71,"column":1}},"30":{"start":{"line":64,"column":2},"end":{"line":64,"column":68}},"31":{"start":{"line":66,"column":2},"end":{"line":68,"column":3}},"32":{"start":{"line":67,"column":4},"end":{"line":67,"column":89}},"33":{"start":{"line":70,"column":2},"end":{"line":70,"column":14}},"34":{"start":{"line":80,"column":0},"end":{"line":92,"column":1}},"35":{"start":{"line":81,"column":2},"end":{"line":81,"column":68}},"36":{"start":{"line":83,"column":2},"end":{"line":89,"column":3}},"37":{"start":{"line":84,"column":4},"end":{"line":88,"column":5}},"38":{"start":{"line":85,"column":6},"end":{"line":85,"column":85}},"39":{"start":{"line":87,"column":6},"end":{"line":87,"column":56}},"40":{"start":{"line":91,"column":2},"end":{"line":91,"column":14}},"41":{"start":{"line":101,"column":0},"end":{"line":107,"column":1}},"42":{"start":{"line":102,"column":2},"end":{"line":102,"column":68}},"43":{"start":{"line":104,"column":2},"end":{"line":106,"column":6}},"44":{"start":{"line":116,"column":0},"end":{"line":122,"column":1}},"45":{"start":{"line":117,"column":2},"end":{"line":117,"column":68}},"46":{"start":{"line":119,"column":2},"end":{"line":121,"column":7}},"47":{"start":{"line":132,"column":0},"end":{"line":134,"column":1}},"48":{"start":{"line":133,"column":2},"end":{"line":133,"column":59}},"49":{"start":{"line":142,"column":0},"end":{"line":149,"column":1}},"50":{"start":{"line":143,"column":2},"end":{"line":146,"column":3}},"51":{"start":{"line":144,"column":4},"end":{"line":144,"column":49}},"52":{"start":{"line":145,"column":4},"end":{"line":145,"column":37}},"53":{"start":{"line":148,"column":2},"end":{"line":148,"column":14}},"54":{"start":{"line":157,"column":0},"end":{"line":166,"column":1}},"55":{"start":{"line":158,"column":2},"end":{"line":158,"column":50}},"56":{"start":{"line":160,"column":2},"end":{"line":163,"column":3}},"57":{"start":{"line":161,"column":4},"end":{"line":161,"column":36}},"58":{"start":{"line":162,"column":4},"end":{"line":162,"column":29}},"59":{"start":{"line":165,"column":2},"end":{"line":165,"column":14}},"60":{"start":{"line":176,"column":0},"end":{"line":191,"column":1}},"61":{"start":{"line":177,"column":2},"end":{"line":177,"column":71}},"62":{"start":{"line":178,"column":2},"end":{"line":178,"column":44}},"63":{"start":{"line":179,"column":2},"end":{"line":179,"column":31}},"64":{"start":{"line":180,"column":2},"end":{"line":180,"column":30}},"65":{"start":{"line":182,"column":2},"end":{"line":188,"column":3}},"66":{"start":{"line":184,"column":4},"end":{"line":184,"column":80}},"67":{"start":{"line":186,"column":4},"end":{"line":186,"column":63}},"68":{"start":{"line":187,"column":4},"end":{"line":187,"column":105}},"69":{"start":{"line":190,"column":2},"end":{"line":190,"column":45}},"70":{"start":{"line":200,"column":0},"end":{"line":221,"column":1}},"71":{"start":{"line":201,"column":2},"end":{"line":201,"column":71}},"72":{"start":{"line":202,"column":2},"end":{"line":202,"column":47}},"73":{"start":{"line":203,"column":2},"end":{"line":203,"column":31}},"74":{"start":{"line":204,"column":2},"end":{"line":204,"column":35}},"75":{"start":{"line":205,"column":2},"end":{"line":205,"column":23}},"76":{"start":{"line":207,"column":2},"end":{"line":218,"column":3}},"77":{"start":{"line":210,"column":4},"end":{"line":210,"column":80}},"78":{"start":{"line":212,"column":4},"end":{"line":212,"column":69}},"79":{"start":{"line":213,"column":4},"end":{"line":217,"column":29}},"80":{"start":{"line":214,"column":6},"end":{"line":214,"column":95}},"81":{"start":{"line":216,"column":6},"end":{"line":216,"column":45}},"82":{"start":{"line":220,"column":2},"end":{"line":220,"column":50}},"83":{"start":{"line":226,"column":0},"end":{"line":234,"column":1}},"84":{"start":{"line":227,"column":2},"end":{"line":227,"column":26}},"85":{"start":{"line":229,"column":2},"end":{"line":229,"column":22}},"86":{"start":{"line":231,"column":2},"end":{"line":233,"column":3}},"87":{"start":{"line":232,"column":4},"end":{"line":232,"column":26}},"88":{"start":{"line":240,"column":0},"end":{"line":246,"column":1}},"89":{"start":{"line":241,"column":2},"end":{"line":245,"column":5}},"90":{"start":{"line":242,"column":4},"end":{"line":242,"column":28}},"91":{"start":{"line":244,"column":4},"end":{"line":244,"column":24}},"92":{"start":{"line":248,"column":0},"end":{"line":262,"column":1}},"93":{"start":{"line":249,"column":2},"end":{"line":251,"column":5}},"94":{"start":{"line":250,"column":4},"end":{"line":250,"column":31}},"95":{"start":{"line":252,"column":2},"end":{"line":252,"column":131}},"96":{"start":{"line":255,"column":2},"end":{"line":259,"column":3}},"97":{"start":{"line":256,"column":4},"end":{"line":256,"column":93}},"98":{"start":{"line":258,"column":4},"end":{"line":258,"column":46}},"99":{"start":{"line":261,"column":2},"end":{"line":261,"column":29}},"100":{"start":{"line":264,"column":0},"end":{"line":284,"column":1}},"101":{"start":{"line":265,"column":2},"end":{"line":265,"column":15}},"102":{"start":{"line":267,"column":2},"end":{"line":281,"column":3}},"103":{"start":{"line":268,"column":4},"end":{"line":268,"column":42}},"104":{"start":{"line":269,"column":4},"end":{"line":269,"column":31}},"105":{"start":{"line":272,"column":4},"end":{"line":278,"column":5}},"106":{"start":{"line":273,"column":6},"end":{"line":273,"column":41}},"107":{"start":{"line":275,"column":6},"end":{"line":277,"column":7}},"108":{"start":{"line":276,"column":8},"end":{"line":276,"column":40}},"109":{"start":{"line":280,"column":4},"end":{"line":280,"column":55}},"110":{"start":{"line":283,"column":2},"end":{"line":283,"column":54}},"111":{"start":{"line":286,"column":0},"end":{"line":292,"column":1}},"112":{"start":{"line":287,"column":2},"end":{"line":287,"column":73}},"113":{"start":{"line":289,"column":2},"end":{"line":289,"column":79}},"114":{"start":{"line":291,"column":2},"end":{"line":291,"column":17}}},"branchMap":{"1":{"line":66,"type":"if","locations":[{"start":{"line":66,"column":2},"end":{"line":66,"column":2}},{"start":{"line":66,"column":2},"end":{"line":66,"column":2}}]},"2":{"line":83,"type":"if","locations":[{"start":{"line":83,"column":2},"end":{"line":83,"column":2}},{"start":{"line":83,"column":2},"end":{"line":83,"column":2}}]},"3":{"line":84,"type":"if","locations":[{"start":{"line":84,"column":4},"end":{"line":84,"column":4}},{"start":{"line":84,"column":4},"end":{"line":84,"column":4}}]},"4":{"line":104,"type":"cond-expr","locations":[{"start":{"line":105,"column":4},"end":{"line":105,"column":77}},{"start":{"line":106,"column":4},"end":{"line":106,"column":5}}]},"5":{"line":119,"type":"cond-expr","locations":[{"start":{"line":120,"column":4},"end":{"line":120,"column":73}},{"start":{"line":121,"column":4},"end":{"line":121,"column":6}}]},"6":{"line":143,"type":"if","locations":[{"start":{"line":143,"column":2},"end":{"line":143,"column":2}},{"start":{"line":143,"column":2},"end":{"line":143,"column":2}}]},"7":{"line":143,"type":"binary-expr","locations":[{"start":{"line":143,"column":6},"end":{"line":143,"column":17}},{"start":{"line":143,"column":21},"end":{"line":143,"column":52}}]},"8":{"line":160,"type":"if","locations":[{"start":{"line":160,"column":2},"end":{"line":160,"column":2}},{"start":{"line":160,"column":2},"end":{"line":160,"column":2}}]},"9":{"line":182,"type":"if","locations":[{"start":{"line":182,"column":2},"end":{"line":182,"column":2}},{"start":{"line":182,"column":2},"end":{"line":182,"column":2}}]},"10":{"line":187,"type":"binary-expr","locations":[{"start":{"line":187,"column":22},"end":{"line":187,"column":37}},{"start":{"line":187,"column":41},"end":{"line":187,"column":95}},{"start":{"line":187,"column":99},"end":{"line":187,"column":104}}]},"11":{"line":190,"type":"binary-expr","locations":[{"start":{"line":190,"column":9},"end":{"line":190,"column":25}},{"start":{"line":190,"column":29},"end":{"line":190,"column":44}}]},"12":{"line":207,"type":"if","locations":[{"start":{"line":207,"column":2},"end":{"line":207,"column":2}},{"start":{"line":207,"column":2},"end":{"line":207,"column":2}}]},"13":{"line":216,"type":"binary-expr","locations":[{"start":{"line":216,"column":13},"end":{"line":216,"column":21}},{"start":{"line":216,"column":25},"end":{"line":216,"column":44}}]},"14":{"line":220,"type":"binary-expr","locations":[{"start":{"line":220,"column":9},"end":{"line":220,"column":25}},{"start":{"line":220,"column":29},"end":{"line":220,"column":49}}]},"15":{"line":231,"type":"if","locations":[{"start":{"line":231,"column":2},"end":{"line":231,"column":2}},{"start":{"line":231,"column":2},"end":{"line":231,"column":2}}]},"16":{"line":250,"type":"binary-expr","locations":[{"start":{"line":250,"column":11},"end":{"line":250,"column":14}},{"start":{"line":250,"column":18},"end":{"line":250,"column":30}}]},"17":{"line":252,"type":"binary-expr","locations":[{"start":{"line":252,"column":18},"end":{"line":252,"column":45}},{"start":{"line":252,"column":49},"end":{"line":252,"column":130}}]},"18":{"line":255,"type":"if","locations":[{"start":{"line":255,"column":2},"end":{"line":255,"column":2}},{"start":{"line":255,"column":2},"end":{"line":255,"column":2}}]},"19":{"line":267,"type":"if","locations":[{"start":{"line":267,"column":2},"end":{"line":267,"column":2}},{"start":{"line":267,"column":2},"end":{"line":267,"column":2}}]},"20":{"line":272,"type":"if","locations":[{"start":{"line":272,"column":4},"end":{"line":272,"column":4}},{"start":{"line":272,"column":4},"end":{"line":272,"column":4}}]}},"l":{"3":1,"4":1,"5":1,"7":1,"8":1,"9":1,"10":1,"20":1,"22":1,"23":1,"24":1,"25":1,"26":1,"27":1,"28":1,"29":1,"30":1,"31":1,"32":1,"33":1,"34":1,"35":1,"37":1,"38":1,"39":1,"41":1,"51":1,"52":6,"63":1,"64":7,"66":7,"67":6,"70":7,"80":1,"81":3,"83":3,"84":2,"85":1,"87":1,"91":3,"101":1,"102":30,"104":30,"116":1,"117":7,"119":7,"132":1,"133":10,"142":1,"143":12,"144":9,"145":9,"148":12,"157":1,"158":3,"160":3,"161":2,"162":2,"165":3,"176":1,"177":25,"178":25,"179":25,"180":25,"182":25,"184":24,"186":24,"187":24,"190":25,"200":1,"201":22,"202":22,"203":22,"204":22,"205":22,"207":22,"210":21,"212":21,"213":21,"214":11,"216":11,"220":22,"226":1,"227":10,"229":10,"231":10,"232":9,"240":1,"241":16,"242":7,"244":7,"248":1,"249":94,"250":37,"252":94,"255":94,"256":4,"258":4,"261":94,"264":1,"265":110,"267":110,"268":33,"269":33,"272":33,"273":2,"275":2,"276":2,"280":33,"283":110,"286":1,"287":16,"289":16,"291":16}}}
