{
"/Users/jasoncust/Development/git/channel-emitter/index.js":{"path":"/Users/jasoncust/Development/git/channel-emitter/index.js","s":{"1":1,"2":1,"3":1,"4":1,"5":1,"6":1,"7":1,"8":1,"9":1,"10":1,"11":1,"12":1,"13":1,"14":1,"15":1,"16":1,"17":1,"18":1,"19":1,"20":1,"21":1,"22":1,"23":1,"24":1,"25":1,"26":1,"27":1,"28":1,"29":1,"30":1,"31":6,"32":1,"33":7,"34":7,"35":6,"36":7,"37":1,"38":3,"39":3,"40":2,"41":1,"42":1,"43":3,"44":1,"45":30,"46":30,"47":1,"48":7,"49":7,"50":1,"51":7,"52":7,"53":1,"54":10,"55":1,"56":12,"57":9,"58":9,"59":12,"60":1,"61":3,"62":3,"63":2,"64":2,"65":3,"66":1,"67":25,"68":25,"69":25,"70":25,"71":25,"72":24,"73":24,"74":24,"75":25,"76":1,"77":22,"78":22,"79":22,"80":22,"81":22,"82":22,"83":21,"84":21,"85":21,"86":11,"87":11,"88":22,"89":1,"90":10,"91":10,"92":10,"93":9,"94":1,"95":16,"96":7,"97":7,"98":1,"99":101,"100":39,"101":101,"102":101,"103":7,"104":7,"105":101,"106":1,"107":117,"108":117,"109":35,"110":35,"111":35,"112":3,"113":3,"114":3,"115":35,"116":117,"117":1,"118":16,"119":16,"120":16},"b":{"1":[1,0],"2":[6,1],"3":[2,1],"4":[1,1],"5":[29,1],"6":[5,2],"7":[7,0],"8":[9,3],"9":[12,11],"10":[2,1],"11":[24,1],"12":[24,11,18],"13":[25,16],"14":[21,1],"15":[11,9],"16":[22,15],"17":[9,1],"18":[39,39],"19":[101,94],"20":[7,94],"21":[35,82],"22":[3,32]},"f":{"1":6,"2":7,"3":3,"4":30,"5":7,"6":7,"7":10,"8":12,"9":3,"10":25,"11":22,"12":11,"13":10,"14":16,"15":7,"16":101,"17":39,"18":117,"19":16},"fnMap":{"1":{"name":"addListener","line":64,"loc":{"start":{"line":64,"column":0},"end":{"line":64,"column":42}}},"2":{"name":"removeListener","line":76,"loc":{"start":{"line":76,"column":0},"end":{"line":76,"column":45}}},"3":{"name":"removeAllListeners","line":93,"loc":{"start":{"line":93,"column":0},"end":{"line":93,"column":39}}},"4":{"name":"listenerCount","line":114,"loc":{"start":{"line":114,"column":0},"end":{"line":114,"column":34}}},"5":{"name":"listeners","line":129,"loc":{"start":{"line":129,"column":0},"end":{"line":129,"column":30}}},"6":{"name":"eventNames","line":144,"loc":{"start":{"line":144,"column":0},"end":{"line":144,"column":31}}},"7":{"name":"on","line":160,"loc":{"start":{"line":160,"column":0},"end":{"line":160,"column":33}}},"8":{"name":"addChannel","line":170,"loc":{"start":{"line":170,"column":0},"end":{"line":170,"column":33}}},"9":{"name":"removeChannel","line":185,"loc":{"start":{"line":185,"column":0},"end":{"line":185,"column":36}}},"10":{"name":"emit","line":204,"loc":{"start":{"line":204,"column":0},"end":{"line":204,"column":16}}},"11":{"name":"broadcast","line":228,"loc":{"start":{"line":228,"column":0},"end":{"line":228,"column":21}}},"12":{"name":"emitToSubChannel","line":241,"loc":{"start":{"line":241,"column":55},"end":{"line":241,"column":100}}},"13":{"name":"ChannelEmitter","line":254,"loc":{"start":{"line":254,"column":0},"end":{"line":254,"column":32}}},"14":{"name":"addChannelsFromEventName","line":268,"loc":{"start":{"line":268,"column":0},"end":{"line":268,"column":57}}},"15":{"name":"(anonymous_15)","line":269,"loc":{"start":{"line":269,"column":61},"end":{"line":269,"column":85}}},"16":{"name":"getChannelAndEventName","line":276,"loc":{"start":{"line":276,"column":0},"end":{"line":276,"column":55}}},"17":{"name":"(anonymous_17)","line":277,"loc":{"start":{"line":277,"column":80},"end":{"line":277,"column":104}}},"18":{"name":"processChannelsFromEventName","line":292,"loc":{"start":{"line":292,"column":0},"end":{"line":292,"column":71}}},"19":{"name":"onOrAddListener","line":314,"loc":{"start":{"line":314,"column":0},"end":{"line":314,"column":63}}}},"statementMap":{"1":{"start":{"line":3,"column":0},"end":{"line":3,"column":27}},"2":{"start":{"line":4,"column":0},"end":{"line":4,"column":50}},"3":{"start":{"line":5,"column":0},"end":{"line":5,"column":12}},"4":{"start":{"line":7,"column":0},"end":{"line":7,"column":19}},"5":{"start":{"line":8,"column":0},"end":{"line":8,"column":27}},"6":{"start":{"line":9,"column":0},"end":{"line":9,"column":20}},"7":{"start":{"line":10,"column":0},"end":{"line":10,"column":27}},"8":{"start":{"line":20,"column":0},"end":{"line":20,"column":44}},"9":{"start":{"line":22,"column":0},"end":{"line":22,"column":77}},"10":{"start":{"line":23,"column":0},"end":{"line":23,"column":51}},"11":{"start":{"line":24,"column":0},"end":{"line":24,"column":83}},"12":{"start":{"line":25,"column":0},"end":{"line":25,"column":57}},"13":{"start":{"line":26,"column":0},"end":{"line":26,"column":91}},"14":{"start":{"line":27,"column":0},"end":{"line":27,"column":65}},"15":{"start":{"line":28,"column":0},"end":{"line":28,"column":81}},"16":{"start":{"line":29,"column":0},"end":{"line":29,"column":55}},"17":{"start":{"line":30,"column":0},"end":{"line":30,"column":73}},"18":{"start":{"line":31,"column":0},"end":{"line":31,"column":47}},"19":{"start":{"line":32,"column":0},"end":{"line":32,"column":59}},"20":{"start":{"line":33,"column":0},"end":{"line":33,"column":33}},"21":{"start":{"line":34,"column":0},"end":{"line":34,"column":63}},"22":{"start":{"line":35,"column":0},"end":{"line":35,"column":37}},"23":{"start":{"line":44,"column":0},"end":{"line":47,"column":1}},"24":{"start":{"line":45,"column":2},"end":{"line":45,"column":77}},"25":{"start":{"line":46,"column":2},"end":{"line":46,"column":51}},"26":{"start":{"line":50,"column":0},"end":{"line":50,"column":47}},"27":{"start":{"line":51,"column":0},"end":{"line":51,"column":49}},"28":{"start":{"line":52,"column":0},"end":{"line":52,"column":55}},"29":{"start":{"line":54,"column":0},"end":{"line":54,"column":48}},"30":{"start":{"line":64,"column":0},"end":{"line":66,"column":1}},"31":{"start":{"line":65,"column":2},"end":{"line":65,"column":68}},"32":{"start":{"line":76,"column":0},"end":{"line":84,"column":1}},"33":{"start":{"line":77,"column":2},"end":{"line":77,"column":68}},"34":{"start":{"line":79,"column":2},"end":{"line":81,"column":3}},"35":{"start":{"line":80,"column":4},"end":{"line":80,"column":89}},"36":{"start":{"line":83,"column":2},"end":{"line":83,"column":14}},"37":{"start":{"line":93,"column":0},"end":{"line":105,"column":1}},"38":{"start":{"line":94,"column":2},"end":{"line":94,"column":68}},"39":{"start":{"line":96,"column":2},"end":{"line":102,"column":3}},"40":{"start":{"line":97,"column":4},"end":{"line":101,"column":5}},"41":{"start":{"line":98,"column":6},"end":{"line":98,"column":85}},"42":{"start":{"line":100,"column":6},"end":{"line":100,"column":56}},"43":{"start":{"line":104,"column":2},"end":{"line":104,"column":14}},"44":{"start":{"line":114,"column":0},"end":{"line":120,"column":1}},"45":{"start":{"line":115,"column":2},"end":{"line":115,"column":68}},"46":{"start":{"line":117,"column":2},"end":{"line":119,"column":6}},"47":{"start":{"line":129,"column":0},"end":{"line":135,"column":1}},"48":{"start":{"line":130,"column":2},"end":{"line":130,"column":68}},"49":{"start":{"line":132,"column":2},"end":{"line":134,"column":7}},"50":{"start":{"line":144,"column":0},"end":{"line":150,"column":1}},"51":{"start":{"line":145,"column":2},"end":{"line":145,"column":68}},"52":{"start":{"line":147,"column":2},"end":{"line":149,"column":7}},"53":{"start":{"line":160,"column":0},"end":{"line":162,"column":1}},"54":{"start":{"line":161,"column":2},"end":{"line":161,"column":59}},"55":{"start":{"line":170,"column":0},"end":{"line":177,"column":1}},"56":{"start":{"line":171,"column":2},"end":{"line":174,"column":3}},"57":{"start":{"line":172,"column":4},"end":{"line":172,"column":49}},"58":{"start":{"line":173,"column":4},"end":{"line":173,"column":37}},"59":{"start":{"line":176,"column":2},"end":{"line":176,"column":14}},"60":{"start":{"line":185,"column":0},"end":{"line":194,"column":1}},"61":{"start":{"line":186,"column":2},"end":{"line":186,"column":50}},"62":{"start":{"line":188,"column":2},"end":{"line":191,"column":3}},"63":{"start":{"line":189,"column":4},"end":{"line":189,"column":36}},"64":{"start":{"line":190,"column":4},"end":{"line":190,"column":29}},"65":{"start":{"line":193,"column":2},"end":{"line":193,"column":14}},"66":{"start":{"line":204,"column":0},"end":{"line":219,"column":1}},"67":{"start":{"line":205,"column":2},"end":{"line":205,"column":71}},"68":{"start":{"line":206,"column":2},"end":{"line":206,"column":44}},"69":{"start":{"line":207,"column":2},"end":{"line":207,"column":31}},"70":{"start":{"line":208,"column":2},"end":{"line":208,"column":30}},"71":{"start":{"line":210,"column":2},"end":{"line":216,"column":3}},"72":{"start":{"line":212,"column":4},"end":{"line":212,"column":80}},"73":{"start":{"line":214,"column":4},"end":{"line":214,"column":63}},"74":{"start":{"line":215,"column":4},"end":{"line":215,"column":105}},"75":{"start":{"line":218,"column":2},"end":{"line":218,"column":45}},"76":{"start":{"line":228,"column":0},"end":{"line":249,"column":1}},"77":{"start":{"line":229,"column":2},"end":{"line":229,"column":71}},"78":{"start":{"line":230,"column":2},"end":{"line":230,"column":47}},"79":{"start":{"line":231,"column":2},"end":{"line":231,"column":31}},"80":{"start":{"line":232,"column":2},"end":{"line":232,"column":35}},"81":{"start":{"line":233,"column":2},"end":{"line":233,"column":23}},"82":{"start":{"line":235,"column":2},"end":{"line":246,"column":3}},"83":{"start":{"line":238,"column":4},"end":{"line":238,"column":80}},"84":{"start":{"line":240,"column":4},"end":{"line":240,"column":69}},"85":{"start":{"line":241,"column":4},"end":{"line":245,"column":29}},"86":{"start":{"line":242,"column":6},"end":{"line":242,"column":95}},"87":{"start":{"line":244,"column":6},"end":{"line":244,"column":45}},"88":{"start":{"line":248,"column":2},"end":{"line":248,"column":50}},"89":{"start":{"line":254,"column":0},"end":{"line":262,"column":1}},"90":{"start":{"line":255,"column":2},"end":{"line":255,"column":26}},"91":{"start":{"line":257,"column":2},"end":{"line":257,"column":22}},"92":{"start":{"line":259,"column":2},"end":{"line":261,"column":3}},"93":{"start":{"line":260,"column":4},"end":{"line":260,"column":26}},"94":{"start":{"line":268,"column":0},"end":{"line":274,"column":1}},"95":{"start":{"line":269,"column":2},"end":{"line":273,"column":5}},"96":{"start":{"line":270,"column":4},"end":{"line":270,"column":28}},"97":{"start":{"line":272,"column":4},"end":{"line":272,"column":24}},"98":{"start":{"line":276,"column":0},"end":{"line":290,"column":1}},"99":{"start":{"line":277,"column":2},"end":{"line":279,"column":5}},"100":{"start":{"line":278,"column":4},"end":{"line":278,"column":31}},"101":{"start":{"line":280,"column":2},"end":{"line":280,"column":131}},"102":{"start":{"line":283,"column":2},"end":{"line":287,"column":3}},"103":{"start":{"line":284,"column":4},"end":{"line":284,"column":93}},"104":{"start":{"line":286,"column":4},"end":{"line":286,"column":46}},"105":{"start":{"line":289,"column":2},"end":{"line":289,"column":29}},"106":{"start":{"line":292,"column":0},"end":{"line":312,"column":1}},"107":{"start":{"line":293,"column":2},"end":{"line":293,"column":15}},"108":{"start":{"line":295,"column":2},"end":{"line":309,"column":3}},"109":{"start":{"line":296,"column":4},"end":{"line":296,"column":42}},"110":{"start":{"line":297,"column":4},"end":{"line":297,"column":31}},"111":{"start":{"line":300,"column":4},"end":{"line":306,"column":5}},"112":{"start":{"line":301,"column":6},"end":{"line":301,"column":41}},"113":{"start":{"line":303,"column":6},"end":{"line":305,"column":7}},"114":{"start":{"line":304,"column":8},"end":{"line":304,"column":40}},"115":{"start":{"line":308,"column":4},"end":{"line":308,"column":55}},"116":{"start":{"line":311,"column":2},"end":{"line":311,"column":54}},"117":{"start":{"line":314,"column":0},"end":{"line":320,"column":1}},"118":{"start":{"line":315,"column":2},"end":{"line":315,"column":73}},"119":{"start":{"line":317,"column":2},"end":{"line":317,"column":79}},"120":{"start":{"line":319,"column":2},"end":{"line":319,"column":17}}},"branchMap":{"1":{"line":44,"type":"if","locations":[{"start":{"line":44,"column":0},"end":{"line":44,"column":0}},{"start":{"line":44,"column":0},"end":{"line":44,"column":0}}]},"2":{"line":79,"type":"if","locations":[{"start":{"line":79,"column":2},"end":{"line":79,"column":2}},{"start":{"line":79,"column":2},"end":{"line":79,"column":2}}]},"3":{"line":96,"type":"if","locations":[{"start":{"line":96,"column":2},"end":{"line":96,"column":2}},{"start":{"line":96,"column":2},"end":{"line":96,"column":2}}]},"4":{"line":97,"type":"if","locations":[{"start":{"line":97,"column":4},"end":{"line":97,"column":4}},{"start":{"line":97,"column":4},"end":{"line":97,"column":4}}]},"5":{"line":117,"type":"cond-expr","locations":[{"start":{"line":118,"column":4},"end":{"line":118,"column":77}},{"start":{"line":119,"column":4},"end":{"line":119,"column":5}}]},"6":{"line":132,"type":"cond-expr","locations":[{"start":{"line":133,"column":4},"end":{"line":133,"column":73}},{"start":{"line":134,"column":4},"end":{"line":134,"column":6}}]},"7":{"line":147,"type":"cond-expr","locations":[{"start":{"line":148,"column":4},"end":{"line":148,"column":74}},{"start":{"line":149,"column":4},"end":{"line":149,"column":6}}]},"8":{"line":171,"type":"if","locations":[{"start":{"line":171,"column":2},"end":{"line":171,"column":2}},{"start":{"line":171,"column":2},"end":{"line":171,"column":2}}]},"9":{"line":171,"type":"binary-expr","locations":[{"start":{"line":171,"column":6},"end":{"line":171,"column":17}},{"start":{"line":171,"column":21},"end":{"line":171,"column":52}}]},"10":{"line":188,"type":"if","locations":[{"start":{"line":188,"column":2},"end":{"line":188,"column":2}},{"start":{"line":188,"column":2},"end":{"line":188,"column":2}}]},"11":{"line":210,"type":"if","locations":[{"start":{"line":210,"column":2},"end":{"line":210,"column":2}},{"start":{"line":210,"column":2},"end":{"line":210,"column":2}}]},"12":{"line":215,"type":"binary-expr","locations":[{"start":{"line":215,"column":22},"end":{"line":215,"column":37}},{"start":{"line":215,"column":41},"end":{"line":215,"column":95}},{"start":{"line":215,"column":99},"end":{"line":215,"column":104}}]},"13":{"line":218,"type":"binary-expr","locations":[{"start":{"line":218,"column":9},"end":{"line":218,"column":25}},{"start":{"line":218,"column":29},"end":{"line":218,"column":44}}]},"14":{"line":235,"type":"if","locations":[{"start":{"line":235,"column":2},"end":{"line":235,"column":2}},{"start":{"line":235,"column":2},"end":{"line":235,"column":2}}]},"15":{"line":244,"type":"binary-expr","locations":[{"start":{"line":244,"column":13},"end":{"line":244,"column":21}},{"start":{"line":244,"column":25},"end":{"line":244,"column":44}}]},"16":{"line":248,"type":"binary-expr","locations":[{"start":{"line":248,"column":9},"end":{"line":248,"column":25}},{"start":{"line":248,"column":29},"end":{"line":248,"column":49}}]},"17":{"line":259,"type":"if","locations":[{"start":{"line":259,"column":2},"end":{"line":259,"column":2}},{"start":{"line":259,"column":2},"end":{"line":259,"column":2}}]},"18":{"line":278,"type":"binary-expr","locations":[{"start":{"line":278,"column":11},"end":{"line":278,"column":14}},{"start":{"line":278,"column":18},"end":{"line":278,"column":30}}]},"19":{"line":280,"type":"binary-expr","locations":[{"start":{"line":280,"column":18},"end":{"line":280,"column":45}},{"start":{"line":280,"column":49},"end":{"line":280,"column":130}}]},"20":{"line":283,"type":"if","locations":[{"start":{"line":283,"column":2},"end":{"line":283,"column":2}},{"start":{"line":283,"column":2},"end":{"line":283,"column":2}}]},"21":{"line":295,"type":"if","locations":[{"start":{"line":295,"column":2},"end":{"line":295,"column":2}},{"start":{"line":295,"column":2},"end":{"line":295,"column":2}}]},"22":{"line":300,"type":"if","locations":[{"start":{"line":300,"column":4},"end":{"line":300,"column":4}},{"start":{"line":300,"column":4},"end":{"line":300,"column":4}}]}},"l":{"3":1,"4":1,"5":1,"7":1,"8":1,"9":1,"10":1,"20":1,"22":1,"23":1,"24":1,"25":1,"26":1,"27":1,"28":1,"29":1,"30":1,"31":1,"32":1,"33":1,"34":1,"35":1,"44":1,"45":1,"46":1,"50":1,"51":1,"52":1,"54":1,"64":1,"65":6,"76":1,"77":7,"79":7,"80":6,"83":7,"93":1,"94":3,"96":3,"97":2,"98":1,"100":1,"104":3,"114":1,"115":30,"117":30,"129":1,"130":7,"132":7,"144":1,"145":7,"147":7,"160":1,"161":10,"170":1,"171":12,"172":9,"173":9,"176":12,"185":1,"186":3,"188":3,"189":2,"190":2,"193":3,"204":1,"205":25,"206":25,"207":25,"208":25,"210":25,"212":24,"214":24,"215":24,"218":25,"228":1,"229":22,"230":22,"231":22,"232":22,"233":22,"235":22,"238":21,"240":21,"241":21,"242":11,"244":11,"248":22,"254":1,"255":10,"257":10,"259":10,"260":9,"268":1,"269":16,"270":7,"272":7,"276":1,"277":101,"278":39,"280":101,"283":101,"284":7,"286":7,"289":101,"292":1,"293":117,"295":117,"296":35,"297":35,"300":35,"301":3,"303":3,"304":3,"308":35,"311":117,"314":1,"315":16,"317":16,"319":16}}}
