TN:
SF:/Users/jasoncust/Development/git/channel-emitter/index.spec.js
FN:14,(anonymous_1)
FN:15,(anonymous_2)
FN:19,(anonymous_3)
FN:23,(anonymous_4)
FN:27,(anonymous_5)
FN:31,(anonymous_6)
FN:35,(anonymous_7)
FN:40,(anonymous_8)
FN:44,(anonymous_9)
FN:49,(anonymous_10)
FN:55,(anonymous_11)
FN:66,(anonymous_12)
FN:73,(anonymous_13)
FN:74,(anonymous_14)
FN:86,(anonymous_15)
FN:99,(anonymous_16)
FN:100,(anonymous_17)
FN:112,(anonymous_18)
FN:125,(anonymous_19)
FN:128,(anonymous_20)
FN:132,(anonymous_21)
FN:137,(anonymous_22)
FN:141,(anonymous_23)
FN:149,(anonymous_24)
FN:157,(anonymous_25)
FN:166,(anonymous_26)
FN:169,(anonymous_27)
FN:173,(anonymous_28)
FN:178,(anonymous_29)
FN:182,(anonymous_30)
FN:192,(anonymous_31)
FN:203,(anonymous_32)
FN:214,(anonymous_33)
FN:237,(anonymous_34)
FN:249,(anonymous_35)
FN:254,(anonymous_36)
FN:265,(anonymous_37)
FN:276,(anonymous_38)
FN:282,(anonymous_39)
FN:291,(anonymous_40)
FN:306,(anonymous_41)
FN:317,(anonymous_42)
FN:327,(anonymous_43)
FN:334,(anonymous_44)
FN:348,(anonymous_45)
FN:356,(anonymous_46)
FN:360,(anonymous_47)
FN:364,(anonymous_48)
FN:368,(anonymous_49)
FN:372,(anonymous_50)
FN:376,(anonymous_51)
FN:381,(anonymous_52)
FN:386,(anonymous_53)
FN:391,(anonymous_54)
FN:418,(anonymous_55)
FN:422,(anonymous_56)
FN:441,(anonymous_57)
FN:465,(anonymous_58)
FN:484,(anonymous_59)
FN:489,(anonymous_60)
FN:511,(anonymous_61)
FN:515,(anonymous_62)
FN:518,(anonymous_63)
FN:522,(anonymous_64)
FN:529,(anonymous_65)
FN:537,(anonymous_66)
FN:540,(anonymous_67)
FN:544,(anonymous_68)
FN:551,(anonymous_69)
FNF:69
FNH:69
FNDA:1,(anonymous_1)
FNDA:1,(anonymous_2)
FNDA:1,(anonymous_3)
FNDA:1,(anonymous_4)
FNDA:1,(anonymous_5)
FNDA:1,(anonymous_6)
FNDA:1,(anonymous_7)
FNDA:1,(anonymous_8)
FNDA:1,(anonymous_9)
FNDA:1,(anonymous_10)
FNDA:1,(anonymous_11)
FNDA:37,(anonymous_12)
FNDA:1,(anonymous_13)
FNDA:1,(anonymous_14)
FNDA:1,(anonymous_15)
FNDA:1,(anonymous_16)
FNDA:1,(anonymous_17)
FNDA:1,(anonymous_18)
FNDA:1,(anonymous_19)
FNDA:1,(anonymous_20)
FNDA:3,(anonymous_21)
FNDA:3,(anonymous_22)
FNDA:1,(anonymous_23)
FNDA:1,(anonymous_24)
FNDA:1,(anonymous_25)
FNDA:1,(anonymous_26)
FNDA:1,(anonymous_27)
FNDA:2,(anonymous_28)
FNDA:2,(anonymous_29)
FNDA:1,(anonymous_30)
FNDA:1,(anonymous_31)
FNDA:1,(anonymous_32)
FNDA:1,(anonymous_33)
FNDA:8,(anonymous_34)
FNDA:1,(anonymous_35)
FNDA:1,(anonymous_36)
FNDA:1,(anonymous_37)
FNDA:1,(anonymous_38)
FNDA:1,(anonymous_39)
FNDA:1,(anonymous_40)
FNDA:1,(anonymous_41)
FNDA:1,(anonymous_42)
FNDA:1,(anonymous_43)
FNDA:1,(anonymous_44)
FNDA:20,(anonymous_45)
FNDA:1,(anonymous_46)
FNDA:1,(anonymous_47)
FNDA:1,(anonymous_48)
FNDA:1,(anonymous_49)
FNDA:1,(anonymous_50)
FNDA:1,(anonymous_51)
FNDA:1,(anonymous_52)
FNDA:1,(anonymous_53)
FNDA:1,(anonymous_54)
FNDA:1,(anonymous_55)
FNDA:1,(anonymous_56)
FNDA:1,(anonymous_57)
FNDA:1,(anonymous_58)
FNDA:1,(anonymous_59)
FNDA:1,(anonymous_60)
FNDA:1,(anonymous_61)
FNDA:1,(anonymous_62)
FNDA:1,(anonymous_63)
FNDA:1,(anonymous_64)
FNDA:1,(anonymous_65)
FNDA:1,(anonymous_66)
FNDA:1,(anonymous_67)
FNDA:1,(anonymous_68)
FNDA:1,(anonymous_69)
DA:3,1
DA:4,1
DA:5,1
DA:6,1
DA:7,1
DA:9,1
DA:10,1
DA:12,1
DA:14,1
DA:15,1
DA:16,1
DA:19,1
DA:20,1
DA:23,1
DA:24,1
DA:27,1
DA:28,1
DA:31,1
DA:32,1
DA:35,1
DA:36,1
DA:37,1
DA:40,1
DA:41,1
DA:44,1
DA:45,1
DA:46,1
DA:49,1
DA:50,1
DA:51,1
DA:52,1
DA:53,1
DA:55,1
DA:56,1
DA:57,1
DA:58,1
DA:59,1
DA:60,1
DA:61,1
DA:62,1
DA:63,1
DA:66,1
DA:67,37
DA:68,37
DA:69,37
DA:70,37
DA:73,1
DA:74,1
DA:75,1
DA:76,1
DA:77,1
DA:79,1
DA:80,1
DA:82,1
DA:83,1
DA:86,1
DA:87,1
DA:88,1
DA:89,1
DA:91,1
DA:92,1
DA:94,1
DA:95,1
DA:99,1
DA:100,1
DA:101,1
DA:102,1
DA:103,1
DA:105,1
DA:106,1
DA:108,1
DA:109,1
DA:112,1
DA:113,1
DA:114,1
DA:115,1
DA:117,1
DA:118,1
DA:120,1
DA:121,1
DA:125,1
DA:126,1
DA:128,1
DA:129,1
DA:132,1
DA:133,3
DA:134,3
DA:137,1
DA:138,3
DA:141,1
DA:142,1
DA:143,1
DA:145,1
DA:146,1
DA:149,1
DA:150,1
DA:151,1
DA:153,1
DA:154,1
DA:157,1
DA:158,1
DA:159,1
DA:161,1
DA:162,1
DA:166,1
DA:167,1
DA:169,1
DA:170,1
DA:173,1
DA:174,2
DA:175,2
DA:178,1
DA:179,2
DA:182,1
DA:183,1
DA:184,1
DA:186,1
DA:188,1
DA:189,1
DA:192,1
DA:193,1
DA:194,1
DA:196,1
DA:198,1
DA:199,1
DA:203,1
DA:204,1
DA:205,1
DA:206,1
DA:207,1
DA:208,1
DA:209,1
DA:210,1
DA:211,1
DA:212,1
DA:214,1
DA:215,1
DA:216,1
DA:217,1
DA:218,1
DA:219,1
DA:220,1
DA:222,1
DA:223,1
DA:224,1
DA:225,1
DA:226,1
DA:227,1
DA:229,1
DA:230,1
DA:231,1
DA:232,1
DA:233,1
DA:234,1
DA:237,1
DA:238,8
DA:239,8
DA:240,8
DA:241,8
DA:242,8
DA:243,8
DA:244,8
DA:245,8
DA:246,8
DA:249,1
DA:250,1
DA:251,1
DA:254,1
DA:255,1
DA:256,1
DA:257,1
DA:258,1
DA:260,1
DA:261,1
DA:262,1
DA:265,1
DA:266,1
DA:268,1
DA:269,1
DA:271,1
DA:272,1
DA:273,1
DA:276,1
DA:277,1
DA:278,1
DA:279,1
DA:282,1
DA:283,1
DA:284,1
DA:285,1
DA:287,1
DA:288,1
DA:291,1
DA:292,1
DA:293,1
DA:294,1
DA:295,1
DA:297,1
DA:298,1
DA:299,1
DA:301,1
DA:302,1
DA:303,1
DA:306,1
DA:307,1
DA:309,1
DA:310,1
DA:312,1
DA:313,1
DA:314,1
DA:317,1
DA:318,1
DA:319,1
DA:320,1
DA:322,1
DA:323,1
DA:327,1
DA:328,1
DA:329,1
DA:330,1
DA:331,1
DA:332,1
DA:334,1
DA:335,1
DA:336,1
DA:338,1
DA:339,1
DA:340,1
DA:342,1
DA:343,1
DA:344,1
DA:345,1
DA:348,1
DA:349,20
DA:350,20
DA:351,20
DA:352,20
DA:353,20
DA:356,1
DA:357,1
DA:360,1
DA:361,1
DA:364,1
DA:365,1
DA:368,1
DA:369,1
DA:372,1
DA:373,1
DA:376,1
DA:377,1
DA:378,1
DA:381,1
DA:382,1
DA:383,1
DA:386,1
DA:387,1
DA:388,1
DA:391,1
DA:392,1
DA:394,1
DA:395,1
DA:396,1
DA:398,1
DA:399,1
DA:401,1
DA:403,1
DA:404,1
DA:406,1
DA:408,1
DA:409,1
DA:411,1
DA:412,1
DA:415,1
DA:418,1
DA:419,1
DA:422,1
DA:423,1
DA:425,1
DA:426,1
DA:427,1
DA:429,1
DA:430,1
DA:431,1
DA:433,1
DA:434,1
DA:435,1
DA:437,1
DA:438,1
DA:441,1
DA:442,1
DA:446,1
DA:447,1
DA:449,1
DA:450,1
DA:452,1
DA:453,1
DA:454,1
DA:458,1
DA:459,1
DA:461,1
DA:462,1
DA:465,1
DA:466,1
DA:468,1
DA:469,1
DA:470,1
DA:472,1
DA:473,1
DA:474,1
DA:476,1
DA:477,1
DA:478,1
DA:480,1
DA:481,1
DA:484,1
DA:485,1
DA:486,1
DA:489,1
DA:490,1
DA:493,1
DA:496,1
DA:497,1
DA:499,1
DA:500,1
DA:502,1
DA:505,1
DA:507,1
DA:508,1
DA:511,1
DA:512,1
DA:515,1
DA:516,1
DA:518,1
DA:519,1
DA:522,1
DA:523,1
DA:525,1
DA:526,1
DA:529,1
DA:530,1
DA:532,1
DA:533,1
DA:537,1
DA:538,1
DA:540,1
DA:541,1
DA:544,1
DA:545,1
DA:547,1
DA:548,1
DA:551,1
DA:552,1
DA:554,1
DA:555,1
LF:354
LH:354
BRF:0
BRH:0
end_of_record
TN:
SF:/Users/jasoncust/Development/git/channel-emitter/index.js
FN:51,addListener
FN:63,removeListener
FN:80,removeAllListeners
FN:101,listenerCount
FN:116,listeners
FN:132,on
FN:142,addChannel
FN:157,removeChannel
FN:176,emit
FN:200,broadcast
FN:213,emitToSubChannel
FN:226,ChannelEmitter
FN:240,addChannelsFromEventName
FN:241,(anonymous_14)
FN:248,getChannelAndEventName
FN:249,(anonymous_16)
FN:264,processChannelsFromEventName
FN:286,onOrAddListener
FNF:18
FNH:18
FNDA:6,addListener
FNDA:7,removeListener
FNDA:3,removeAllListeners
FNDA:30,listenerCount
FNDA:7,listeners
FNDA:10,on
FNDA:12,addChannel
FNDA:3,removeChannel
FNDA:25,emit
FNDA:22,broadcast
FNDA:11,emitToSubChannel
FNDA:10,ChannelEmitter
FNDA:16,addChannelsFromEventName
FNDA:7,(anonymous_14)
FNDA:94,getChannelAndEventName
FNDA:37,(anonymous_16)
FNDA:110,processChannelsFromEventName
FNDA:16,onOrAddListener
DA:3,1
DA:4,1
DA:5,1
DA:7,1
DA:8,1
DA:9,1
DA:10,1
DA:20,1
DA:22,1
DA:23,1
DA:24,1
DA:25,1
DA:26,1
DA:27,1
DA:28,1
DA:29,1
DA:30,1
DA:31,1
DA:32,1
DA:33,1
DA:34,1
DA:35,1
DA:37,1
DA:38,1
DA:39,1
DA:41,1
DA:51,1
DA:52,6
DA:63,1
DA:64,7
DA:66,7
DA:67,6
DA:70,7
DA:80,1
DA:81,3
DA:83,3
DA:84,2
DA:85,1
DA:87,1
DA:91,3
DA:101,1
DA:102,30
DA:104,30
DA:116,1
DA:117,7
DA:119,7
DA:132,1
DA:133,10
DA:142,1
DA:143,12
DA:144,9
DA:145,9
DA:148,12
DA:157,1
DA:158,3
DA:160,3
DA:161,2
DA:162,2
DA:165,3
DA:176,1
DA:177,25
DA:178,25
DA:179,25
DA:180,25
DA:182,25
DA:184,24
DA:186,24
DA:187,24
DA:190,25
DA:200,1
DA:201,22
DA:202,22
DA:203,22
DA:204,22
DA:205,22
DA:207,22
DA:210,21
DA:212,21
DA:213,21
DA:214,11
DA:216,11
DA:220,22
DA:226,1
DA:227,10
DA:229,10
DA:231,10
DA:232,9
DA:240,1
DA:241,16
DA:242,7
DA:244,7
DA:248,1
DA:249,94
DA:250,37
DA:252,94
DA:255,94
DA:256,4
DA:258,4
DA:261,94
DA:264,1
DA:265,110
DA:267,110
DA:268,33
DA:269,33
DA:272,33
DA:273,2
DA:275,2
DA:276,2
DA:280,33
DA:283,110
DA:286,1
DA:287,16
DA:289,16
DA:291,16
LF:114
LH:114
BRDA:66,1,0,6
BRDA:66,1,1,1
BRDA:83,2,0,2
BRDA:83,2,1,1
BRDA:84,3,0,1
BRDA:84,3,1,1
BRDA:104,4,0,29
BRDA:104,4,1,1
BRDA:119,5,0,5
BRDA:119,5,1,2
BRDA:143,6,0,9
BRDA:143,6,1,3
BRDA:143,7,0,12
BRDA:143,7,1,11
BRDA:160,8,0,2
BRDA:160,8,1,1
BRDA:182,9,0,24
BRDA:182,9,1,1
BRDA:187,10,0,24
BRDA:187,10,1,11
BRDA:187,10,2,18
BRDA:190,11,0,25
BRDA:190,11,1,16
BRDA:207,12,0,21
BRDA:207,12,1,1
BRDA:216,13,0,11
BRDA:216,13,1,9
BRDA:220,14,0,22
BRDA:220,14,1,15
BRDA:231,15,0,9
BRDA:231,15,1,1
BRDA:250,16,0,37
BRDA:250,16,1,37
BRDA:252,17,0,94
BRDA:252,17,1,87
BRDA:255,18,0,4
BRDA:255,18,1,90
BRDA:267,19,0,33
BRDA:267,19,1,77
BRDA:272,20,0,2
BRDA:272,20,1,31
BRF:41
BRH:41
end_of_record
