TN:
SF:/Users/jasoncust/Development/git/channel-emitter/index.js
FN:64,addListener
FN:76,removeListener
FN:93,removeAllListeners
FN:114,listenerCount
FN:129,listeners
FN:144,eventNames
FN:160,on
FN:170,addChannel
FN:185,removeChannel
FN:204,emit
FN:228,broadcast
FN:241,emitToSubChannel
FN:254,ChannelEmitter
FN:268,addChannelsFromEventName
FN:269,(anonymous_15)
FN:276,getChannelAndEventName
FN:277,(anonymous_17)
FN:292,processChannelsFromEventName
FN:314,onOrAddListener
FNF:19
FNH:19
FNDA:6,addListener
FNDA:7,removeListener
FNDA:3,removeAllListeners
FNDA:30,listenerCount
FNDA:7,listeners
FNDA:7,eventNames
FNDA:10,on
FNDA:12,addChannel
FNDA:3,removeChannel
FNDA:25,emit
FNDA:22,broadcast
FNDA:11,emitToSubChannel
FNDA:10,ChannelEmitter
FNDA:16,addChannelsFromEventName
FNDA:7,(anonymous_15)
FNDA:101,getChannelAndEventName
FNDA:39,(anonymous_17)
FNDA:117,processChannelsFromEventName
FNDA:16,onOrAddListener
DA:3,1
DA:4,1
DA:5,1
DA:7,1
DA:8,1
DA:9,1
DA:10,1
DA:20,1
DA:22,1
DA:23,1
DA:24,1
DA:25,1
DA:26,1
DA:27,1
DA:28,1
DA:29,1
DA:30,1
DA:31,1
DA:32,1
DA:33,1
DA:34,1
DA:35,1
DA:44,1
DA:45,1
DA:46,1
DA:50,1
DA:51,1
DA:52,1
DA:54,1
DA:64,1
DA:65,6
DA:76,1
DA:77,7
DA:79,7
DA:80,6
DA:83,7
DA:93,1
DA:94,3
DA:96,3
DA:97,2
DA:98,1
DA:100,1
DA:104,3
DA:114,1
DA:115,30
DA:117,30
DA:129,1
DA:130,7
DA:132,7
DA:144,1
DA:145,7
DA:147,7
DA:160,1
DA:161,10
DA:170,1
DA:171,12
DA:172,9
DA:173,9
DA:176,12
DA:185,1
DA:186,3
DA:188,3
DA:189,2
DA:190,2
DA:193,3
DA:204,1
DA:205,25
DA:206,25
DA:207,25
DA:208,25
DA:210,25
DA:212,24
DA:214,24
DA:215,24
DA:218,25
DA:228,1
DA:229,22
DA:230,22
DA:231,22
DA:232,22
DA:233,22
DA:235,22
DA:238,21
DA:240,21
DA:241,21
DA:242,11
DA:244,11
DA:248,22
DA:254,1
DA:255,10
DA:257,10
DA:259,10
DA:260,9
DA:268,1
DA:269,16
DA:270,7
DA:272,7
DA:276,1
DA:277,101
DA:278,39
DA:280,101
DA:283,101
DA:284,7
DA:286,7
DA:289,101
DA:292,1
DA:293,117
DA:295,117
DA:296,35
DA:297,35
DA:300,35
DA:301,3
DA:303,3
DA:304,3
DA:308,35
DA:311,117
DA:314,1
DA:315,16
DA:317,16
DA:319,16
LF:120
LH:120
BRDA:44,1,0,1
BRDA:44,1,1,0
BRDA:79,2,0,6
BRDA:79,2,1,1
BRDA:96,3,0,2
BRDA:96,3,1,1
BRDA:97,4,0,1
BRDA:97,4,1,1
BRDA:117,5,0,29
BRDA:117,5,1,1
BRDA:132,6,0,5
BRDA:132,6,1,2
BRDA:147,7,0,7
BRDA:147,7,1,0
BRDA:171,8,0,9
BRDA:171,8,1,3
BRDA:171,9,0,12
BRDA:171,9,1,11
BRDA:188,10,0,2
BRDA:188,10,1,1
BRDA:210,11,0,24
BRDA:210,11,1,1
BRDA:215,12,0,24
BRDA:215,12,1,11
BRDA:215,12,2,18
BRDA:218,13,0,25
BRDA:218,13,1,16
BRDA:235,14,0,21
BRDA:235,14,1,1
BRDA:244,15,0,11
BRDA:244,15,1,9
BRDA:248,16,0,22
BRDA:248,16,1,15
BRDA:259,17,0,9
BRDA:259,17,1,1
BRDA:278,18,0,39
BRDA:278,18,1,39
BRDA:280,19,0,101
BRDA:280,19,1,94
BRDA:283,20,0,7
BRDA:283,20,1,94
BRDA:295,21,0,35
BRDA:295,21,1,82
BRDA:300,22,0,3
BRDA:300,22,1,32
BRF:45
BRH:43
end_of_record
